execve("/bin/php8.4", ["php8.4", "info.php"], 0x7fff680b51d0 /* 61 vars */) = 0
access("/etc/ld.so.preload", R_OK)      = -1 ENOENT (No such file or directory)
openat(AT_FDCWD, "/etc/ld.so.cache", O_RDONLY|O_CLOEXEC) = 3
openat(AT_FDCWD, "/lib/x86_64-linux-gnu/libm.so.6", O_RDONLY|O_CLOEXEC) = 3
openat(AT_FDCWD, "/lib/x86_64-linux-gnu/libxml2.so.2", O_RDONLY|O_CLOEXEC) = 3
openat(AT_FDCWD, "/lib/x86_64-linux-gnu/libssl.so.3", O_RDONLY|O_CLOEXEC) = 3
openat(AT_FDCWD, "/lib/x86_64-linux-gnu/libcrypto.so.3", O_RDONLY|O_CLOEXEC) = 3
openat(AT_FDCWD, "/lib/x86_64-linux-gnu/libpcre2-8.so.0", O_RDONLY|O_CLOEXEC) = 3
openat(AT_FDCWD, "/lib/x86_64-linux-gnu/libz.so.1", O_RDONLY|O_CLOEXEC) = 3
openat(AT_FDCWD, "/lib/x86_64-linux-gnu/libsodium.so.23", O_RDONLY|O_CLOEXEC) = 3
openat(AT_FDCWD, "/lib/x86_64-linux-gnu/libargon2.so.1", O_RDONLY|O_CLOEXEC) = 3
openat(AT_FDCWD, "/lib/x86_64-linux-gnu/libc.so.6", O_RDONLY|O_CLOEXEC) = 3
openat(AT_FDCWD, "/lib/x86_64-linux-gnu/libicuuc.so.74", O_RDONLY|O_CLOEXEC) = 3
openat(AT_FDCWD, "/lib/x86_64-linux-gnu/liblzma.so.5", O_RDONLY|O_CLOEXEC) = 3
openat(AT_FDCWD, "/lib/x86_64-linux-gnu/libicudata.so.74", O_RDONLY|O_CLOEXEC) = 3
openat(AT_FDCWD, "/lib/x86_64-linux-gnu/libstdc++.so.6", O_RDONLY|O_CLOEXEC) = 3
openat(AT_FDCWD, "/lib/x86_64-linux-gnu/libgcc_s.so.1", O_RDONLY|O_CLOEXEC) = 3
getcwd("/home/helen-pham/Downloads/webslice/ws_testing/today/wordpress", 4096) = 63
openat(AT_FDCWD, "/usr/lib/locale/locale-archive", O_RDONLY|O_CLOEXEC) = 3
openat(AT_FDCWD, "/usr/share/locale/locale.alias", O_RDONLY|O_CLOEXEC) = 3
openat(AT_FDCWD, "/usr/lib/locale/C.UTF-8/LC_CTYPE", O_RDONLY|O_CLOEXEC) = -1 ENOENT (No such file or directory)
openat(AT_FDCWD, "/usr/lib/locale/C.utf8/LC_CTYPE", O_RDONLY|O_CLOEXEC) = 3
openat(AT_FDCWD, "/usr/lib/x86_64-linux-gnu/gconv/gconv-modules.cache", O_RDONLY|O_CLOEXEC) = 3
openat(AT_FDCWD, "/etc/localtime", O_RDONLY|O_CLOEXEC) = 3
newfstatat(AT_FDCWD, "/bin/php8.4", {st_mode=S_IFREG|0755, st_size=6029904, ...}, AT_SYMLINK_NOFOLLOW) = 0
newfstatat(AT_FDCWD, "/bin", {st_mode=S_IFLNK|0777, st_size=7, ...}, AT_SYMLINK_NOFOLLOW) = 0
readlink("/bin", "usr/bin", 4096)       = 7
newfstatat(AT_FDCWD, "/usr/bin", {st_mode=S_IFDIR|0755, st_size=69632, ...}, AT_SYMLINK_NOFOLLOW) = 0
newfstatat(AT_FDCWD, "/usr", {st_mode=S_IFDIR|0755, st_size=4096, ...}, AT_SYMLINK_NOFOLLOW) = 0
access("/usr/bin/php8.4", X_OK)         = 0
newfstatat(AT_FDCWD, "/usr/bin/php8.4", {st_mode=S_IFREG|0755, st_size=6029904, ...}, 0) = 0
openat(AT_FDCWD, "/usr/bin/php-cli.ini", O_RDONLY) = -1 ENOENT (No such file or directory)
openat(AT_FDCWD, "/etc/php/8.4/cli/php-cli.ini", O_RDONLY) = -1 ENOENT (No such file or directory)
openat(AT_FDCWD, "/usr/bin/php.ini", O_RDONLY) = -1 ENOENT (No such file or directory)
openat(AT_FDCWD, "/etc/php/8.4/cli/php.ini", O_RDONLY) = 3
openat(AT_FDCWD, "/etc/php/8.4/cli/conf.d", O_RDONLY|O_NONBLOCK|O_CLOEXEC|O_DIRECTORY) = 3
newfstatat(AT_FDCWD, "/etc/php/8.4/cli/conf.d/10-mysqlnd.ini", {st_mode=S_IFREG|0644, st_size=72, ...}, 0) = 0
openat(AT_FDCWD, "/etc/php/8.4/cli/conf.d/10-mysqlnd.ini", O_RDONLY) = 3
newfstatat(AT_FDCWD, "/etc/php/8.4/cli/conf.d/10-opcache.ini", {st_mode=S_IFREG|0644, st_size=95, ...}, 0) = 0
openat(AT_FDCWD, "/etc/php/8.4/cli/conf.d/10-opcache.ini", O_RDONLY) = 3
newfstatat(AT_FDCWD, "/etc/php/8.4/cli/conf.d/10-pdo.ini", {st_mode=S_IFREG|0644, st_size=69, ...}, 0) = 0
openat(AT_FDCWD, "/etc/php/8.4/cli/conf.d/10-pdo.ini", O_RDONLY) = 3
newfstatat(AT_FDCWD, "/etc/php/8.4/cli/conf.d/15-xml.ini", {st_mode=S_IFREG|0644, st_size=66, ...}, 0) = 0
openat(AT_FDCWD, "/etc/php/8.4/cli/conf.d/15-xml.ini", O_RDONLY) = 3
newfstatat(AT_FDCWD, "/etc/php/8.4/cli/conf.d/20-calendar.ini", {st_mode=S_IFREG|0644, st_size=74, ...}, 0) = 0
openat(AT_FDCWD, "/etc/php/8.4/cli/conf.d/20-calendar.ini", O_RDONLY) = 3
newfstatat(AT_FDCWD, "/etc/php/8.4/cli/conf.d/20-ctype.ini", {st_mode=S_IFREG|0644, st_size=71, ...}, 0) = 0
openat(AT_FDCWD, "/etc/php/8.4/cli/conf.d/20-ctype.ini", O_RDONLY) = 3
newfstatat(AT_FDCWD, "/etc/php/8.4/cli/conf.d/20-curl.ini", {st_mode=S_IFREG|0644, st_size=68, ...}, 0) = 0
openat(AT_FDCWD, "/etc/php/8.4/cli/conf.d/20-curl.ini", O_RDONLY) = 3
newfstatat(AT_FDCWD, "/etc/php/8.4/cli/conf.d/20-dom.ini", {st_mode=S_IFREG|0644, st_size=66, ...}, 0) = 0
openat(AT_FDCWD, "/etc/php/8.4/cli/conf.d/20-dom.ini", O_RDONLY) = 3
newfstatat(AT_FDCWD, "/etc/php/8.4/cli/conf.d/20-exif.ini", {st_mode=S_IFREG|0644, st_size=70, ...}, 0) = 0
openat(AT_FDCWD, "/etc/php/8.4/cli/conf.d/20-exif.ini", O_RDONLY) = 3
newfstatat(AT_FDCWD, "/etc/php/8.4/cli/conf.d/20-ffi.ini", {st_mode=S_IFREG|0644, st_size=69, ...}, 0) = 0
openat(AT_FDCWD, "/etc/php/8.4/cli/conf.d/20-ffi.ini", O_RDONLY) = 3
newfstatat(AT_FDCWD, "/etc/php/8.4/cli/conf.d/20-fileinfo.ini", {st_mode=S_IFREG|0644, st_size=74, ...}, 0) = 0
openat(AT_FDCWD, "/etc/php/8.4/cli/conf.d/20-fileinfo.ini", O_RDONLY) = 3
newfstatat(AT_FDCWD, "/etc/php/8.4/cli/conf.d/20-ftp.ini", {st_mode=S_IFREG|0644, st_size=69, ...}, 0) = 0
openat(AT_FDCWD, "/etc/php/8.4/cli/conf.d/20-ftp.ini", O_RDONLY) = 3
newfstatat(AT_FDCWD, "/etc/php/8.4/cli/conf.d/20-gd.ini", {st_mode=S_IFREG|0644, st_size=64, ...}, 0) = 0
openat(AT_FDCWD, "/etc/php/8.4/cli/conf.d/20-gd.ini", O_RDONLY) = 3
newfstatat(AT_FDCWD, "/etc/php/8.4/cli/conf.d/20-gettext.ini", {st_mode=S_IFREG|0644, st_size=73, ...}, 0) = 0
openat(AT_FDCWD, "/etc/php/8.4/cli/conf.d/20-gettext.ini", O_RDONLY) = 3
newfstatat(AT_FDCWD, "/etc/php/8.4/cli/conf.d/20-iconv.ini", {st_mode=S_IFREG|0644, st_size=71, ...}, 0) = 0
openat(AT_FDCWD, "/etc/php/8.4/cli/conf.d/20-iconv.ini", O_RDONLY) = 3
newfstatat(AT_FDCWD, "/etc/php/8.4/cli/conf.d/20-intl.ini", {st_mode=S_IFREG|0644, st_size=68, ...}, 0) = 0
openat(AT_FDCWD, "/etc/php/8.4/cli/conf.d/20-intl.ini", O_RDONLY) = 3
newfstatat(AT_FDCWD, "/etc/php/8.4/cli/conf.d/20-mbstring.ini", {st_mode=S_IFREG|0644, st_size=76, ...}, 0) = 0
openat(AT_FDCWD, "/etc/php/8.4/cli/conf.d/20-mbstring.ini", O_RDONLY) = 3
newfstatat(AT_FDCWD, "/etc/php/8.4/cli/conf.d/20-mysqli.ini", {st_mode=S_IFREG|0644, st_size=71, ...}, 0) = 0
openat(AT_FDCWD, "/etc/php/8.4/cli/conf.d/20-mysqli.ini", O_RDONLY) = 3
newfstatat(AT_FDCWD, "/etc/php/8.4/cli/conf.d/20-pdo_mysql.ini", {st_mode=S_IFREG|0644, st_size=74, ...}, 0) = 0
openat(AT_FDCWD, "/etc/php/8.4/cli/conf.d/20-pdo_mysql.ini", O_RDONLY) = 3
newfstatat(AT_FDCWD, "/etc/php/8.4/cli/conf.d/20-phar.ini", {st_mode=S_IFREG|0644, st_size=70, ...}, 0) = 0
openat(AT_FDCWD, "/etc/php/8.4/cli/conf.d/20-phar.ini", O_RDONLY) = 3
newfstatat(AT_FDCWD, "/etc/php/8.4/cli/conf.d/20-posix.ini", {st_mode=S_IFREG|0644, st_size=71, ...}, 0) = 0
openat(AT_FDCWD, "/etc/php/8.4/cli/conf.d/20-posix.ini", O_RDONLY) = 3
newfstatat(AT_FDCWD, "/etc/php/8.4/cli/conf.d/20-readline.ini", {st_mode=S_IFREG|0644, st_size=76, ...}, 0) = 0
openat(AT_FDCWD, "/etc/php/8.4/cli/conf.d/20-readline.ini", O_RDONLY) = 3
newfstatat(AT_FDCWD, "/etc/php/8.4/cli/conf.d/20-shmop.ini", {st_mode=S_IFREG|0644, st_size=71, ...}, 0) = 0
openat(AT_FDCWD, "/etc/php/8.4/cli/conf.d/20-shmop.ini", O_RDONLY) = 3
newfstatat(AT_FDCWD, "/etc/php/8.4/cli/conf.d/20-simplexml.ini", {st_mode=S_IFREG|0644, st_size=72, ...}, 0) = 0
openat(AT_FDCWD, "/etc/php/8.4/cli/conf.d/20-simplexml.ini", O_RDONLY) = 3
newfstatat(AT_FDCWD, "/etc/php/8.4/cli/conf.d/20-sockets.ini", {st_mode=S_IFREG|0644, st_size=73, ...}, 0) = 0
openat(AT_FDCWD, "/etc/php/8.4/cli/conf.d/20-sockets.ini", O_RDONLY) = 3
newfstatat(AT_FDCWD, "/etc/php/8.4/cli/conf.d/20-sysvmsg.ini", {st_mode=S_IFREG|0644, st_size=73, ...}, 0) = 0
openat(AT_FDCWD, "/etc/php/8.4/cli/conf.d/20-sysvmsg.ini", O_RDONLY) = 3
newfstatat(AT_FDCWD, "/etc/php/8.4/cli/conf.d/20-sysvsem.ini", {st_mode=S_IFREG|0644, st_size=73, ...}, 0) = 0
openat(AT_FDCWD, "/etc/php/8.4/cli/conf.d/20-sysvsem.ini", O_RDONLY) = 3
newfstatat(AT_FDCWD, "/etc/php/8.4/cli/conf.d/20-sysvshm.ini", {st_mode=S_IFREG|0644, st_size=73, ...}, 0) = 0
openat(AT_FDCWD, "/etc/php/8.4/cli/conf.d/20-sysvshm.ini", O_RDONLY) = 3
newfstatat(AT_FDCWD, "/etc/php/8.4/cli/conf.d/20-tokenizer.ini", {st_mode=S_IFREG|0644, st_size=75, ...}, 0) = 0
openat(AT_FDCWD, "/etc/php/8.4/cli/conf.d/20-tokenizer.ini", O_RDONLY) = 3
newfstatat(AT_FDCWD, "/etc/php/8.4/cli/conf.d/20-xmlreader.ini", {st_mode=S_IFREG|0644, st_size=72, ...}, 0) = 0
openat(AT_FDCWD, "/etc/php/8.4/cli/conf.d/20-xmlreader.ini", O_RDONLY) = 3
newfstatat(AT_FDCWD, "/etc/php/8.4/cli/conf.d/20-xmlwriter.ini", {st_mode=S_IFREG|0644, st_size=72, ...}, 0) = 0
openat(AT_FDCWD, "/etc/php/8.4/cli/conf.d/20-xmlwriter.ini", O_RDONLY) = 3
newfstatat(AT_FDCWD, "/etc/php/8.4/cli/conf.d/20-xsl.ini", {st_mode=S_IFREG|0644, st_size=66, ...}, 0) = 0
openat(AT_FDCWD, "/etc/php/8.4/cli/conf.d/20-xsl.ini", O_RDONLY) = 3
newfstatat(AT_FDCWD, "/etc/php/8.4/cli/conf.d/20-zip.ini", {st_mode=S_IFREG|0644, st_size=66, ...}, 0) = 0
openat(AT_FDCWD, "/etc/php/8.4/cli/conf.d/20-zip.ini", O_RDONLY) = 3
openat(AT_FDCWD, "/usr/lib/php/20240924/opcache.so", O_RDONLY|O_CLOEXEC) = 3
openat(AT_FDCWD, "/usr/lib/php/20240924/mysqlnd.so", O_RDONLY|O_CLOEXEC) = 3
openat(AT_FDCWD, "/usr/lib/php/20240924/pdo.so", O_RDONLY|O_CLOEXEC) = 3
openat(AT_FDCWD, "/usr/lib/php/20240924/xml.so", O_RDONLY|O_CLOEXEC) = 3
openat(AT_FDCWD, "/usr/lib/php/20240924/calendar.so", O_RDONLY|O_CLOEXEC) = 3
openat(AT_FDCWD, "/usr/lib/php/20240924/ctype.so", O_RDONLY|O_CLOEXEC) = 3
openat(AT_FDCWD, "/usr/lib/php/20240924/curl.so", O_RDONLY|O_CLOEXEC) = 3
openat(AT_FDCWD, "/etc/ld.so.cache", O_RDONLY|O_CLOEXEC) = 3
openat(AT_FDCWD, "/lib/x86_64-linux-gnu/libcurl.so.4", O_RDONLY|O_CLOEXEC) = 3
openat(AT_FDCWD, "/lib/x86_64-linux-gnu/libnghttp2.so.14", O_RDONLY|O_CLOEXEC) = 3
openat(AT_FDCWD, "/lib/x86_64-linux-gnu/libidn2.so.0", O_RDONLY|O_CLOEXEC) = 3
openat(AT_FDCWD, "/lib/x86_64-linux-gnu/librtmp.so.1", O_RDONLY|O_CLOEXEC) = 3
openat(AT_FDCWD, "/lib/x86_64-linux-gnu/libssh.so.4", O_RDONLY|O_CLOEXEC) = 3
openat(AT_FDCWD, "/lib/x86_64-linux-gnu/libpsl.so.5", O_RDONLY|O_CLOEXEC) = 3
openat(AT_FDCWD, "/lib/x86_64-linux-gnu/libgssapi_krb5.so.2", O_RDONLY|O_CLOEXEC) = 3
openat(AT_FDCWD, "/lib/x86_64-linux-gnu/libldap.so.2", O_RDONLY|O_CLOEXEC) = 3
openat(AT_FDCWD, "/lib/x86_64-linux-gnu/liblber.so.2", O_RDONLY|O_CLOEXEC) = 3
openat(AT_FDCWD, "/lib/x86_64-linux-gnu/libzstd.so.1", O_RDONLY|O_CLOEXEC) = 3
openat(AT_FDCWD, "/lib/x86_64-linux-gnu/libbrotlidec.so.1", O_RDONLY|O_CLOEXEC) = 3
openat(AT_FDCWD, "/lib/x86_64-linux-gnu/libunistring.so.5", O_RDONLY|O_CLOEXEC) = 3
openat(AT_FDCWD, "/lib/x86_64-linux-gnu/libgnutls.so.30", O_RDONLY|O_CLOEXEC) = 3
openat(AT_FDCWD, "/lib/x86_64-linux-gnu/libhogweed.so.6", O_RDONLY|O_CLOEXEC) = 3
openat(AT_FDCWD, "/lib/x86_64-linux-gnu/libnettle.so.8", O_RDONLY|O_CLOEXEC) = 3
openat(AT_FDCWD, "/lib/x86_64-linux-gnu/libgmp.so.10", O_RDONLY|O_CLOEXEC) = 3
openat(AT_FDCWD, "/lib/x86_64-linux-gnu/libkrb5.so.3", O_RDONLY|O_CLOEXEC) = 3
openat(AT_FDCWD, "/lib/x86_64-linux-gnu/libk5crypto.so.3", O_RDONLY|O_CLOEXEC) = 3
openat(AT_FDCWD, "/lib/x86_64-linux-gnu/libcom_err.so.2", O_RDONLY|O_CLOEXEC) = 3
openat(AT_FDCWD, "/lib/x86_64-linux-gnu/libkrb5support.so.0", O_RDONLY|O_CLOEXEC) = 3
openat(AT_FDCWD, "/lib/x86_64-linux-gnu/libsasl2.so.2", O_RDONLY|O_CLOEXEC) = 3
openat(AT_FDCWD, "/lib/x86_64-linux-gnu/libbrotlicommon.so.1", O_RDONLY|O_CLOEXEC) = 3
openat(AT_FDCWD, "/lib/x86_64-linux-gnu/libp11-kit.so.0", O_RDONLY|O_CLOEXEC) = 3
openat(AT_FDCWD, "/lib/x86_64-linux-gnu/libtasn1.so.6", O_RDONLY|O_CLOEXEC) = 3
openat(AT_FDCWD, "/lib/x86_64-linux-gnu/libkeyutils.so.1", O_RDONLY|O_CLOEXEC) = 3
openat(AT_FDCWD, "/lib/x86_64-linux-gnu/libresolv.so.2", O_RDONLY|O_CLOEXEC) = 3
openat(AT_FDCWD, "/lib/x86_64-linux-gnu/libffi.so.8", O_RDONLY|O_CLOEXEC) = 3
newfstatat(AT_FDCWD, "/etc/gnutls/config", {st_mode=S_IFREG|0644, st_size=119, ...}, 0) = 0
openat(AT_FDCWD, "/etc/gnutls/config", O_RDONLY|O_CLOEXEC) = 3
openat(AT_FDCWD, "/usr/lib/php/20240924/dom.so", O_RDONLY|O_CLOEXEC) = 3
openat(AT_FDCWD, "/usr/lib/php/20240924/exif.so", O_RDONLY|O_CLOEXEC) = 3
openat(AT_FDCWD, "/usr/lib/php/20240924/ffi.so", O_RDONLY|O_CLOEXEC) = 3
openat(AT_FDCWD, "/usr/lib/php/20240924/fileinfo.so", O_RDONLY|O_CLOEXEC) = 3
openat(AT_FDCWD, "/usr/lib/php/20240924/ftp.so", O_RDONLY|O_CLOEXEC) = 3
openat(AT_FDCWD, "/usr/lib/php/20240924/gd.so", O_RDONLY|O_CLOEXEC) = 3
openat(AT_FDCWD, "/etc/ld.so.cache", O_RDONLY|O_CLOEXEC) = 3
openat(AT_FDCWD, "/lib/x86_64-linux-gnu/libgd.so.3", O_RDONLY|O_CLOEXEC) = 3
openat(AT_FDCWD, "/lib/x86_64-linux-gnu/libpng16.so.16", O_RDONLY|O_CLOEXEC) = 3
openat(AT_FDCWD, "/lib/x86_64-linux-gnu/libfontconfig.so.1", O_RDONLY|O_CLOEXEC) = 3
openat(AT_FDCWD, "/lib/x86_64-linux-gnu/libfreetype.so.6", O_RDONLY|O_CLOEXEC) = 3
openat(AT_FDCWD, "/lib/x86_64-linux-gnu/libjpeg.so.8", O_RDONLY|O_CLOEXEC) = 3
openat(AT_FDCWD, "/lib/x86_64-linux-gnu/libXpm.so.4", O_RDONLY|O_CLOEXEC) = 3
openat(AT_FDCWD, "/lib/x86_64-linux-gnu/libtiff.so.6", O_RDONLY|O_CLOEXEC) = 3
openat(AT_FDCWD, "/lib/x86_64-linux-gnu/libwebp.so.7", O_RDONLY|O_CLOEXEC) = 3
openat(AT_FDCWD, "/lib/x86_64-linux-gnu/libheif.so.1", O_RDONLY|O_CLOEXEC) = 3
openat(AT_FDCWD, "/lib/x86_64-linux-gnu/libexpat.so.1", O_RDONLY|O_CLOEXEC) = 3
openat(AT_FDCWD, "/lib/x86_64-linux-gnu/libbz2.so.1.0", O_RDONLY|O_CLOEXEC) = 3
openat(AT_FDCWD, "/lib/x86_64-linux-gnu/libX11.so.6", O_RDONLY|O_CLOEXEC) = 3
openat(AT_FDCWD, "/lib/x86_64-linux-gnu/libLerc.so.4", O_RDONLY|O_CLOEXEC) = 3
openat(AT_FDCWD, "/lib/x86_64-linux-gnu/libjbig.so.0", O_RDONLY|O_CLOEXEC) = 3
openat(AT_FDCWD, "/lib/x86_64-linux-gnu/libdeflate.so.0", O_RDONLY|O_CLOEXEC) = 3
openat(AT_FDCWD, "/lib/x86_64-linux-gnu/libsharpyuv.so.0", O_RDONLY|O_CLOEXEC) = 3
openat(AT_FDCWD, "/lib/x86_64-linux-gnu/libxcb.so.1", O_RDONLY|O_CLOEXEC) = 3
openat(AT_FDCWD, "/lib/x86_64-linux-gnu/libXau.so.6", O_RDONLY|O_CLOEXEC) = 3
openat(AT_FDCWD, "/lib/x86_64-linux-gnu/libXdmcp.so.6", O_RDONLY|O_CLOEXEC) = 3
openat(AT_FDCWD, "/lib/x86_64-linux-gnu/libbsd.so.0", O_RDONLY|O_CLOEXEC) = 3
openat(AT_FDCWD, "/lib/x86_64-linux-gnu/libmd.so.0", O_RDONLY|O_CLOEXEC) = 3
openat(AT_FDCWD, "/usr/lib/php/20240924/gettext.so", O_RDONLY|O_CLOEXEC) = 3
openat(AT_FDCWD, "/usr/lib/php/20240924/iconv.so", O_RDONLY|O_CLOEXEC) = 3
openat(AT_FDCWD, "/usr/lib/php/20240924/intl.so", O_RDONLY|O_CLOEXEC) = 3
openat(AT_FDCWD, "/etc/ld.so.cache", O_RDONLY|O_CLOEXEC) = 3
openat(AT_FDCWD, "/lib/x86_64-linux-gnu/libicuio.so.74", O_RDONLY|O_CLOEXEC) = 3
openat(AT_FDCWD, "/lib/x86_64-linux-gnu/libicui18n.so.74", O_RDONLY|O_CLOEXEC) = 3
openat(AT_FDCWD, "/usr/lib/php/20240924/mbstring.so", O_RDONLY|O_CLOEXEC) = 3
openat(AT_FDCWD, "/etc/ld.so.cache", O_RDONLY|O_CLOEXEC) = 3
openat(AT_FDCWD, "/lib/x86_64-linux-gnu/libonig.so.5", O_RDONLY|O_CLOEXEC) = 3
openat(AT_FDCWD, "/usr/lib/php/20240924/mysqli.so", O_RDONLY|O_CLOEXEC) = 3
openat(AT_FDCWD, "/usr/lib/php/20240924/pdo_mysql.so", O_RDONLY|O_CLOEXEC) = 3
openat(AT_FDCWD, "/usr/lib/php/20240924/phar.so", O_RDONLY|O_CLOEXEC) = 3
openat(AT_FDCWD, "/usr/lib/php/20240924/posix.so", O_RDONLY|O_CLOEXEC) = 3
openat(AT_FDCWD, "/usr/lib/php/20240924/readline.so", O_RDONLY|O_CLOEXEC) = 3
openat(AT_FDCWD, "/etc/ld.so.cache", O_RDONLY|O_CLOEXEC) = 3
openat(AT_FDCWD, "/lib/x86_64-linux-gnu/libedit.so.2", O_RDONLY|O_CLOEXEC) = 3
openat(AT_FDCWD, "/lib/x86_64-linux-gnu/libtinfo.so.6", O_RDONLY|O_CLOEXEC) = 3
openat(AT_FDCWD, "/usr/lib/php/20240924/shmop.so", O_RDONLY|O_CLOEXEC) = 3
openat(AT_FDCWD, "/usr/lib/php/20240924/simplexml.so", O_RDONLY|O_CLOEXEC) = 3
openat(AT_FDCWD, "/usr/lib/php/20240924/sockets.so", O_RDONLY|O_CLOEXEC) = 3
openat(AT_FDCWD, "/usr/lib/php/20240924/sysvmsg.so", O_RDONLY|O_CLOEXEC) = 3
openat(AT_FDCWD, "/usr/lib/php/20240924/sysvsem.so", O_RDONLY|O_CLOEXEC) = 3
openat(AT_FDCWD, "/usr/lib/php/20240924/sysvshm.so", O_RDONLY|O_CLOEXEC) = 3
openat(AT_FDCWD, "/usr/lib/php/20240924/tokenizer.so", O_RDONLY|O_CLOEXEC) = 3
openat(AT_FDCWD, "/usr/lib/php/20240924/xmlreader.so", O_RDONLY|O_CLOEXEC) = 3
openat(AT_FDCWD, "/usr/lib/php/20240924/xmlwriter.so", O_RDONLY|O_CLOEXEC) = 3
openat(AT_FDCWD, "/usr/lib/php/20240924/xsl.so", O_RDONLY|O_CLOEXEC) = 3
openat(AT_FDCWD, "/etc/ld.so.cache", O_RDONLY|O_CLOEXEC) = 3
openat(AT_FDCWD, "/lib/x86_64-linux-gnu/libxslt.so.1", O_RDONLY|O_CLOEXEC) = 3
openat(AT_FDCWD, "/lib/x86_64-linux-gnu/libexslt.so.0", O_RDONLY|O_CLOEXEC) = 3
openat(AT_FDCWD, "/lib/x86_64-linux-gnu/libgcrypt.so.20", O_RDONLY|O_CLOEXEC) = 3
openat(AT_FDCWD, "/lib/x86_64-linux-gnu/libgpg-error.so.0", O_RDONLY|O_CLOEXEC) = 3
openat(AT_FDCWD, "/usr/lib/php/20240924/zip.so", O_RDONLY|O_CLOEXEC) = 3
openat(AT_FDCWD, "/etc/ld.so.cache", O_RDONLY|O_CLOEXEC) = 3
openat(AT_FDCWD, "/lib/x86_64-linux-gnu/libzip.so.4", O_RDONLY|O_CLOEXEC) = 3
openat(AT_FDCWD, "/usr/share/zoneinfo/", O_RDONLY|O_NONBLOCK|O_CLOEXEC|O_DIRECTORY) = 3
newfstatat(AT_FDCWD, "/usr/share/zoneinfo//tzdata.zi", {st_mode=S_IFREG|0644, st_size=116603, ...}, 0) = 0
newfstatat(AT_FDCWD, "/usr/share/zoneinfo//localtime", {st_mode=S_IFREG|0644, st_size=2437, ...}, 0) = 0
newfstatat(AT_FDCWD, "/usr/share/zoneinfo//leapseconds", {st_mode=S_IFREG|0644, st_size=3257, ...}, 0) = 0
newfstatat(AT_FDCWD, "/usr/share/zoneinfo//WET", {st_mode=S_IFREG|0644, st_size=1905, ...}, 0) = 0
newfstatat(AT_FDCWD, "/usr/share/zoneinfo//UTC", {st_mode=S_IFREG|0644, st_size=114, ...}, 0) = 0
newfstatat(AT_FDCWD, "/usr/share/zoneinfo//Pacific", {st_mode=S_IFDIR|0755, st_size=4096, ...}, 0) = 0
newfstatat(AT_FDCWD, "/usr/share/zoneinfo//PST8PDT", {st_mode=S_IFREG|0644, st_size=2310, ...}, 0) = 0
newfstatat(AT_FDCWD, "/usr/share/zoneinfo//MST7MDT", {st_mode=S_IFREG|0644, st_size=2310, ...}, 0) = 0
newfstatat(AT_FDCWD, "/usr/share/zoneinfo//MST", {st_mode=S_IFREG|0644, st_size=114, ...}, 0) = 0
newfstatat(AT_FDCWD, "/usr/share/zoneinfo//MET", {st_mode=S_IFREG|0644, st_size=2094, ...}, 0) = 0
newfstatat(AT_FDCWD, "/usr/share/zoneinfo//Indian", {st_mode=S_IFDIR|0755, st_size=4096, ...}, 0) = 0
newfstatat(AT_FDCWD, "/usr/share/zoneinfo//HST", {st_mode=S_IFREG|0644, st_size=115, ...}, 0) = 0
newfstatat(AT_FDCWD, "/usr/share/zoneinfo//GMT", {st_mode=S_IFREG|0644, st_size=114, ...}, 0) = 0
newfstatat(AT_FDCWD, "/usr/share/zoneinfo//Factory", {st_mode=S_IFREG|0644, st_size=116, ...}, 0) = 0
newfstatat(AT_FDCWD, "/usr/share/zoneinfo//Europe", {st_mode=S_IFDIR|0755, st_size=12288, ...}, 0) = 0
newfstatat(AT_FDCWD, "/usr/share/zoneinfo//Etc", {st_mode=S_IFDIR|0755, st_size=4096, ...}, 0) = 0
newfstatat(AT_FDCWD, "/usr/share/zoneinfo//EST5EDT", {st_mode=S_IFREG|0644, st_size=2310, ...}, 0) = 0
newfstatat(AT_FDCWD, "/usr/share/zoneinfo//EST", {st_mode=S_IFREG|0644, st_size=114, ...}, 0) = 0
newfstatat(AT_FDCWD, "/usr/share/zoneinfo//EET", {st_mode=S_IFREG|0644, st_size=1908, ...}, 0) = 0
newfstatat(AT_FDCWD, "/usr/share/zoneinfo//CST6CDT", {st_mode=S_IFREG|0644, st_size=2310, ...}, 0) = 0
newfstatat(AT_FDCWD, "/usr/share/zoneinfo//CET", {st_mode=S_IFREG|0644, st_size=2094, ...}, 0) = 0
newfstatat(AT_FDCWD, "/usr/share/zoneinfo//Australia", {st_mode=S_IFDIR|0755, st_size=4096, ...}, 0) = 0
newfstatat(AT_FDCWD, "/usr/share/zoneinfo//Atlantic", {st_mode=S_IFDIR|0755, st_size=4096, ...}, 0) = 0
newfstatat(AT_FDCWD, "/usr/share/zoneinfo//Asia", {st_mode=S_IFDIR|0755, st_size=12288, ...}, 0) = 0
newfstatat(AT_FDCWD, "/usr/share/zoneinfo//Arctic", {st_mode=S_IFDIR|0755, st_size=4096, ...}, 0) = 0
newfstatat(AT_FDCWD, "/usr/share/zoneinfo//Antarctica", {st_mode=S_IFDIR|0755, st_size=4096, ...}, 0) = 0
newfstatat(AT_FDCWD, "/usr/share/zoneinfo//America", {st_mode=S_IFDIR|0755, st_size=20480, ...}, 0) = 0
newfstatat(AT_FDCWD, "/usr/share/zoneinfo//Africa", {st_mode=S_IFDIR|0755, st_size=4096, ...}, 0) = 0
openat(AT_FDCWD, "/usr/share/zoneinfo/Africa", O_RDONLY|O_NONBLOCK|O_CLOEXEC|O_DIRECTORY) = 3
newfstatat(AT_FDCWD, "/usr/share/zoneinfo/Africa/Windhoek", {st_mode=S_IFREG|0644, st_size=993, ...}, 0) = 0
newfstatat(AT_FDCWD, "/usr/share/zoneinfo/Africa/Tunis", {st_mode=S_IFREG|0644, st_size=689, ...}, 0) = 0
newfstatat(AT_FDCWD, "/usr/share/zoneinfo/Africa/Tripoli", {st_mode=S_IFREG|0644, st_size=625, ...}, 0) = 0
newfstatat(AT_FDCWD, "/usr/share/zoneinfo/Africa/Timbuktu", {st_mode=S_IFREG|0644, st_size=208, ...}, 0) = 0
newfstatat(AT_FDCWD, "/usr/share/zoneinfo/Africa/Sao_Tome", {st_mode=S_IFREG|0644, st_size=254, ...}, 0) = 0
newfstatat(AT_FDCWD, "/usr/share/zoneinfo/Africa/Porto-Novo", {st_mode=S_IFREG|0644, st_size=183, ...}, 0) = 0
newfstatat(AT_FDCWD, "/usr/share/zoneinfo/Africa/Ouagadougou", {st_mode=S_IFREG|0644, st_size=148, ...}, 0) = 0
newfstatat(AT_FDCWD, "/usr/share/zoneinfo/Africa/Nouakchott", {st_mode=S_IFREG|0644, st_size=208, ...}, 0) = 0
newfstatat(AT_FDCWD, "/usr/share/zoneinfo/Africa/Niamey", {st_mode=S_IFREG|0644, st_size=217, ...}, 0) = 0
newfstatat(AT_FDCWD, "/usr/share/zoneinfo/Africa/Ndjamena", {st_mode=S_IFREG|0644, st_size=199, ...}, 0) = 0
newfstatat(AT_FDCWD, "/usr/share/zoneinfo/Africa/Nairobi", {st_mode=S_IFREG|0644, st_size=265, ...}, 0) = 0
newfstatat(AT_FDCWD, "/usr/share/zoneinfo/Africa/Monrovia", {st_mode=S_IFREG|0644, st_size=208, ...}, 0) = 0
newfstatat(AT_FDCWD, "/usr/share/zoneinfo/Africa/Mogadishu", {st_mode=S_IFREG|0644, st_size=213, ...}, 0) = 0
newfstatat(AT_FDCWD, "/usr/share/zoneinfo/Africa/Mbabane", {st_mode=S_IFREG|0644, st_size=152, ...}, 0) = 0
newfstatat(AT_FDCWD, "/usr/share/zoneinfo/Africa/Maseru", {st_mode=S_IFREG|0644, st_size=192, ...}, 0) = 0
newfstatat(AT_FDCWD, "/usr/share/zoneinfo/Africa/Maputo", {st_mode=S_IFREG|0644, st_size=149, ...}, 0) = 0
newfstatat(AT_FDCWD, "/usr/share/zoneinfo/Africa/Malabo", {st_mode=S_IFREG|0644, st_size=183, ...}, 0) = 0
newfstatat(AT_FDCWD, "/usr/share/zoneinfo/Africa/Lusaka", {st_mode=S_IFREG|0644, st_size=149, ...}, 0) = 0
newfstatat(AT_FDCWD, "/usr/share/zoneinfo/Africa/Lubumbashi", {st_mode=S_IFREG|0644, st_size=183, ...}, 0) = 0
newfstatat(AT_FDCWD, "/usr/share/zoneinfo/Africa/Luanda", {st_mode=S_IFREG|0644, st_size=187, ...}, 0) = 0
newfstatat(AT_FDCWD, "/usr/share/zoneinfo/Africa/Lome", {st_mode=S_IFREG|0644, st_size=148, ...}, 0) = 0
newfstatat(AT_FDCWD, "/usr/share/zoneinfo/Africa/Libreville", {st_mode=S_IFREG|0644, st_size=149, ...}, 0) = 0
newfstatat(AT_FDCWD, "/usr/share/zoneinfo/Africa/Lagos", {st_mode=S_IFREG|0644, st_size=235, ...}, 0) = 0
newfstatat(AT_FDCWD, "/usr/share/zoneinfo/Africa/Kinshasa", {st_mode=S_IFREG|0644, st_size=149, ...}, 0) = 0
newfstatat(AT_FDCWD, "/usr/share/zoneinfo/Africa/Kigali", {st_mode=S_IFREG|0644, st_size=149, ...}, 0) = 0
newfstatat(AT_FDCWD, "/usr/share/zoneinfo/Africa/Khartoum", {st_mode=S_IFREG|0644, st_size=679, ...}, 0) = 0
newfstatat(AT_FDCWD, "/usr/share/zoneinfo/Africa/Kampala", {st_mode=S_IFREG|0644, st_size=251, ...}, 0) = 0
newfstatat(AT_FDCWD, "/usr/share/zoneinfo/Africa/Juba", {st_mode=S_IFREG|0644, st_size=679, ...}, 0) = 0
newfstatat(AT_FDCWD, "/usr/share/zoneinfo/Africa/Johannesburg", {st_mode=S_IFREG|0644, st_size=246, ...}, 0) = 0
newfstatat(AT_FDCWD, "/usr/share/zoneinfo/Africa/Harare", {st_mode=S_IFREG|0644, st_size=149, ...}, 0) = 0
newfstatat(AT_FDCWD, "/usr/share/zoneinfo/Africa/Gaborone", {st_mode=S_IFREG|0644, st_size=235, ...}, 0) = 0
newfstatat(AT_FDCWD, "/usr/share/zoneinfo/Africa/Freetown", {st_mode=S_IFREG|0644, st_size=464, ...}, 0) = 0
newfstatat(AT_FDCWD, "/usr/share/zoneinfo/Africa/El_Aaiun", {st_mode=S_IFREG|0644, st_size=2273, ...}, 0) = 0
newfstatat(AT_FDCWD, "/usr/share/zoneinfo/Africa/Douala", {st_mode=S_IFREG|0644, st_size=149, ...}, 0) = 0
newfstatat(AT_FDCWD, "/usr/share/zoneinfo/Africa/Djibouti", {st_mode=S_IFREG|0644, st_size=149, ...}, 0) = 0
newfstatat(AT_FDCWD, "/usr/share/zoneinfo/Africa/Dar_es_Salaam", {st_mode=S_IFREG|0644, st_size=213, ...}, 0) = 0
newfstatat(AT_FDCWD, "/usr/share/zoneinfo/Africa/Dakar", {st_mode=S_IFREG|0644, st_size=182, ...}, 0) = 0
newfstatat(AT_FDCWD, "/usr/share/zoneinfo/Africa/Conakry", {st_mode=S_IFREG|0644, st_size=208, ...}, 0) = 0
newfstatat(AT_FDCWD, "/usr/share/zoneinfo/Africa/Ceuta", {st_mode=S_IFREG|0644, st_size=2052, ...}, 0) = 0
newfstatat(AT_FDCWD, "/usr/share/zoneinfo/Africa/Casablanca", {st_mode=S_IFREG|0644, st_size=2431, ...}, 0) = 0
newfstatat(AT_FDCWD, "/usr/share/zoneinfo/Africa/Cairo", {st_mode=S_IFREG|0644, st_size=2399, ...}, 0) = 0
newfstatat(AT_FDCWD, "/usr/share/zoneinfo/Africa/Bujumbura", {st_mode=S_IFREG|0644, st_size=149, ...}, 0) = 0
newfstatat(AT_FDCWD, "/usr/share/zoneinfo/Africa/Brazzaville", {st_mode=S_IFREG|0644, st_size=149, ...}, 0) = 0
newfstatat(AT_FDCWD, "/usr/share/zoneinfo/Africa/Blantyre", {st_mode=S_IFREG|0644, st_size=209, ...}, 0) = 0
newfstatat(AT_FDCWD, "/usr/share/zoneinfo/Africa/Bissau", {st_mode=S_IFREG|0644, st_size=194, ...}, 0) = 0
newfstatat(AT_FDCWD, "/usr/share/zoneinfo/Africa/Banjul", {st_mode=S_IFREG|0644, st_size=216, ...}, 0) = 0
newfstatat(AT_FDCWD, "/usr/share/zoneinfo/Africa/Bangui", {st_mode=S_IFREG|0644, st_size=149, ...}, 0) = 0
newfstatat(AT_FDCWD, "/usr/share/zoneinfo/Africa/Bamako", {st_mode=S_IFREG|0644, st_size=208, ...}, 0) = 0
newfstatat(AT_FDCWD, "/usr/share/zoneinfo/Africa/Asmara", {st_mode=S_IFREG|0644, st_size=204, ...}, 0) = 0
newfstatat(AT_FDCWD, "/usr/share/zoneinfo/Africa/Algiers", {st_mode=S_IFREG|0644, st_size=735, ...}, 0) = 0
newfstatat(AT_FDCWD, "/usr/share/zoneinfo/Africa/Addis_Ababa", {st_mode=S_IFREG|0644, st_size=185, ...}, 0) = 0
newfstatat(AT_FDCWD, "/usr/share/zoneinfo/Africa/Accra", {st_mode=S_IFREG|0644, st_size=1060, ...}, 0) = 0
newfstatat(AT_FDCWD, "/usr/share/zoneinfo/Africa/Abidjan", {st_mode=S_IFREG|0644, st_size=148, ...}, 0) = 0
openat(AT_FDCWD, "/usr/share/zoneinfo/America", O_RDONLY|O_NONBLOCK|O_CLOEXEC|O_DIRECTORY) = 3
newfstatat(AT_FDCWD, "/usr/share/zoneinfo/America/Yellowknife", {st_mode=S_IFREG|0644, st_size=2332, ...}, 0) = 0
newfstatat(AT_FDCWD, "/usr/share/zoneinfo/America/Yakutat", {st_mode=S_IFREG|0644, st_size=2305, ...}, 0) = 0
newfstatat(AT_FDCWD, "/usr/share/zoneinfo/America/Winnipeg", {st_mode=S_IFREG|0644, st_size=2868, ...}, 0) = 0
newfstatat(AT_FDCWD, "/usr/share/zoneinfo/America/Whitehorse", {st_mode=S_IFREG|0644, st_size=1614, ...}, 0) = 0
newfstatat(AT_FDCWD, "/usr/share/zoneinfo/America/Virgin", {st_mode=S_IFREG|0644, st_size=148, ...}, 0) = 0
newfstatat(AT_FDCWD, "/usr/share/zoneinfo/America/Vancouver", {st_mode=S_IFREG|0644, st_size=2892, ...}, 0) = 0
newfstatat(AT_FDCWD, "/usr/share/zoneinfo/America/Tortola", {st_mode=S_IFREG|0644, st_size=148, ...}, 0) = 0
newfstatat(AT_FDCWD, "/usr/share/zoneinfo/America/Toronto", {st_mode=S_IFREG|0644, st_size=3494, ...}, 0) = 0
newfstatat(AT_FDCWD, "/usr/share/zoneinfo/America/Tijuana", {st_mode=S_IFREG|0644, st_size=2458, ...}, 0) = 0
newfstatat(AT_FDCWD, "/usr/share/zoneinfo/America/Thunder_Bay", {st_mode=S_IFREG|0644, st_size=3494, ...}, 0) = 0
newfstatat(AT_FDCWD, "/usr/share/zoneinfo/America/Thule", {st_mode=S_IFREG|0644, st_size=1502, ...}, 0) = 0
newfstatat(AT_FDCWD, "/usr/share/zoneinfo/America/Tegucigalpa", {st_mode=S_IFREG|0644, st_size=252, ...}, 0) = 0
newfstatat(AT_FDCWD, "/usr/share/zoneinfo/America/Swift_Current", {st_mode=S_IFREG|0644, st_size=560, ...}, 0) = 0
newfstatat(AT_FDCWD, "/usr/share/zoneinfo/America/St_Vincent", {st_mode=S_IFREG|0644, st_size=182, ...}, 0) = 0
newfstatat(AT_FDCWD, "/usr/share/zoneinfo/America/St_Thomas", {st_mode=S_IFREG|0644, st_size=148, ...}, 0) = 0
newfstatat(AT_FDCWD, "/usr/share/zoneinfo/America/St_Lucia", {st_mode=S_IFREG|0644, st_size=182, ...}, 0) = 0
newfstatat(AT_FDCWD, "/usr/share/zoneinfo/America/St_Kitts", {st_mode=S_IFREG|0644, st_size=148, ...}, 0) = 0
newfstatat(AT_FDCWD, "/usr/share/zoneinfo/America/St_Johns", {st_mode=S_IFREG|0644, st_size=3655, ...}, 0) = 0
newfstatat(AT_FDCWD, "/usr/share/zoneinfo/America/St_Barthelemy", {st_mode=S_IFREG|0644, st_size=148, ...}, 0) = 0
newfstatat(AT_FDCWD, "/usr/share/zoneinfo/America/Sitka", {st_mode=S_IFREG|0644, st_size=2329, ...}, 0) = 0
newfstatat(AT_FDCWD, "/usr/share/zoneinfo/America/Shiprock", {st_mode=S_IFREG|0644, st_size=2460, ...}, 0) = 0
newfstatat(AT_FDCWD, "/usr/share/zoneinfo/America/Scoresbysund", {st_mode=S_IFREG|0644, st_size=1949, ...}, 0) = 0
newfstatat(AT_FDCWD, "/usr/share/zoneinfo/America/Sao_Paulo", {st_mode=S_IFREG|0644, st_size=1444, ...}, 0) = 0
newfstatat(AT_FDCWD, "/usr/share/zoneinfo/America/Santo_Domingo", {st_mode=S_IFREG|0644, st_size=458, ...}, 0) = 0
newfstatat(AT_FDCWD, "/usr/share/zoneinfo/America/Santiago", {st_mode=S_IFREG|0644, st_size=2529, ...}, 0) = 0
newfstatat(AT_FDCWD, "/usr/share/zoneinfo/America/Santarem", {st_mode=S_IFREG|0644, st_size=602, ...}, 0) = 0
newfstatat(AT_FDCWD, "/usr/share/zoneinfo/America/Santa_Isabel", {st_mode=S_IFREG|0644, st_size=2458, ...}, 0) = 0
newfstatat(AT_FDCWD, "/usr/share/zoneinfo/America/Rio_Branco", {st_mode=S_IFREG|0644, st_size=628, ...}, 0) = 0
newfstatat(AT_FDCWD, "/usr/share/zoneinfo/America/Resolute", {st_mode=S_IFREG|0644, st_size=2066, ...}, 0) = 0
newfstatat(AT_FDCWD, "/usr/share/zoneinfo/America/Regina", {st_mode=S_IFREG|0644, st_size=980, ...}, 0) = 0
newfstatat(AT_FDCWD, "/usr/share/zoneinfo/America/Recife", {st_mode=S_IFREG|0644, st_size=716, ...}, 0) = 0
newfstatat(AT_FDCWD, "/usr/share/zoneinfo/America/Rankin_Inlet", {st_mode=S_IFREG|0644, st_size=2066, ...}, 0) = 0
newfstatat(AT_FDCWD, "/usr/share/zoneinfo/America/Rainy_River", {st_mode=S_IFREG|0644, st_size=2868, ...}, 0) = 0
newfstatat(AT_FDCWD, "/usr/share/zoneinfo/America/Punta_Arenas", {st_mode=S_IFREG|0644, st_size=1916, ...}, 0) = 0
newfstatat(AT_FDCWD, "/usr/share/zoneinfo/America/Puerto_Rico", {st_mode=S_IFREG|0644, st_size=246, ...}, 0) = 0
newfstatat(AT_FDCWD, "/usr/share/zoneinfo/America/Porto_Velho", {st_mode=S_IFREG|0644, st_size=576, ...}, 0) = 0
newfstatat(AT_FDCWD, "/usr/share/zoneinfo/America/Porto_Acre", {st_mode=S_IFREG|0644, st_size=628, ...}, 0) = 0
newfstatat(AT_FDCWD, "/usr/share/zoneinfo/America/Port_of_Spain", {st_mode=S_IFREG|0644, st_size=148, ...}, 0) = 0
newfstatat(AT_FDCWD, "/usr/share/zoneinfo/America/Port-au-Prince", {st_mode=S_IFREG|0644, st_size=1434, ...}, 0) = 0
newfstatat(AT_FDCWD, "/usr/share/zoneinfo/America/Phoenix", {st_mode=S_IFREG|0644, st_size=360, ...}, 0) = 0
newfstatat(AT_FDCWD, "/usr/share/zoneinfo/America/Paramaribo", {st_mode=S_IFREG|0644, st_size=262, ...}, 0) = 0
newfstatat(AT_FDCWD, "/usr/share/zoneinfo/America/Pangnirtung", {st_mode=S_IFREG|0644, st_size=2202, ...}, 0) = 0
newfstatat(AT_FDCWD, "/usr/share/zoneinfo/America/Panama", {st_mode=S_IFREG|0644, st_size=182, ...}, 0) = 0
newfstatat(AT_FDCWD, "/usr/share/zoneinfo/America/Ojinaga", {st_mode=S_IFREG|0644, st_size=1524, ...}, 0) = 0
newfstatat(AT_FDCWD, "/usr/share/zoneinfo/America/Nuuk", {st_mode=S_IFREG|0644, st_size=1903, ...}, 0) = 0
newfstatat(AT_FDCWD, "/usr/share/zoneinfo/America/North_Dakota", {st_mode=S_IFDIR|0755, st_size=4096, ...}, 0) = 0
newfstatat(AT_FDCWD, "/usr/share/zoneinfo/America/Noronha", {st_mode=S_IFREG|0644, st_size=716, ...}, 0) = 0
newfstatat(AT_FDCWD, "/usr/share/zoneinfo/America/Nome", {st_mode=S_IFREG|0644, st_size=2367, ...}, 0) = 0
newfstatat(AT_FDCWD, "/usr/share/zoneinfo/America/Nipigon", {st_mode=S_IFREG|0644, st_size=3494, ...}, 0) = 0
newfstatat(AT_FDCWD, "/usr/share/zoneinfo/America/New_York", {st_mode=S_IFREG|0644, st_size=3552, ...}, 0) = 0
newfstatat(AT_FDCWD, "/usr/share/zoneinfo/America/Nassau", {st_mode=S_IFREG|0644, st_size=2388, ...}, 0) = 0
newfstatat(AT_FDCWD, "/usr/share/zoneinfo/America/Montserrat", {st_mode=S_IFREG|0644, st_size=148, ...}, 0) = 0
newfstatat(AT_FDCWD, "/usr/share/zoneinfo/America/Montreal", {st_mode=S_IFREG|0644, st_size=3494, ...}, 0) = 0
newfstatat(AT_FDCWD, "/usr/share/zoneinfo/America/Montevideo", {st_mode=S_IFREG|0644, st_size=1510, ...}, 0) = 0
newfstatat(AT_FDCWD, "/usr/share/zoneinfo/America/Monterrey", {st_mode=S_IFREG|0644, st_size=1114, ...}, 0) = 0
newfstatat(AT_FDCWD, "/usr/share/zoneinfo/America/Moncton", {st_mode=S_IFREG|0644, st_size=3154, ...}, 0) = 0
newfstatat(AT_FDCWD, "/usr/share/zoneinfo/America/Miquelon", {st_mode=S_IFREG|0644, st_size=1666, ...}, 0) = 0
newfstatat(AT_FDCWD, "/usr/share/zoneinfo/America/Mexico_City", {st_mode=S_IFREG|0644, st_size=1222, ...}, 0) = 0
newfstatat(AT_FDCWD, "/usr/share/zoneinfo/America/Metlakatla", {st_mode=S_IFREG|0644, st_size=1423, ...}, 0) = 0
newfstatat(AT_FDCWD, "/usr/share/zoneinfo/America/Merida", {st_mode=S_IFREG|0644, st_size=1004, ...}, 0) = 0
newfstatat(AT_FDCWD, "/usr/share/zoneinfo/America/Menominee", {st_mode=S_IFREG|0644, st_size=2274, ...}, 0) = 0
newfstatat(AT_FDCWD, "/usr/share/zoneinfo/America/Mazatlan", {st_mode=S_IFREG|0644, st_size=1060, ...}, 0) = 0
newfstatat(AT_FDCWD, "/usr/share/zoneinfo/America/Matamoros", {st_mode=S_IFREG|0644, st_size=1418, ...}, 0) = 0
newfstatat(AT_FDCWD, "/usr/share/zoneinfo/America/Martinique", {st_mode=S_IFREG|0644, st_size=232, ...}, 0) = 0
newfstatat(AT_FDCWD, "/usr/share/zoneinfo/America/Marigot", {st_mode=S_IFREG|0644, st_size=148, ...}, 0) = 0
newfstatat(AT_FDCWD, "/usr/share/zoneinfo/America/Manaus", {st_mode=S_IFREG|0644, st_size=604, ...}, 0) = 0
newfstatat(AT_FDCWD, "/usr/share/zoneinfo/America/Managua", {st_mode=S_IFREG|0644, st_size=430, ...}, 0) = 0
newfstatat(AT_FDCWD, "/usr/share/zoneinfo/America/Maceio", {st_mode=S_IFREG|0644, st_size=744, ...}, 0) = 0
newfstatat(AT_FDCWD, "/usr/share/zoneinfo/America/Lower_Princes", {st_mode=S_IFREG|0644, st_size=186, ...}, 0) = 0
newfstatat(AT_FDCWD, "/usr/share/zoneinfo/America/Los_Angeles", {st_mode=S_IFREG|0644, st_size=2852, ...}, 0) = 0
newfstatat(AT_FDCWD, "/usr/share/zoneinfo/America/Lima", {st_mode=S_IFREG|0644, st_size=406, ...}, 0) = 0
newfstatat(AT_FDCWD, "/usr/share/zoneinfo/America/La_Paz", {st_mode=S_IFREG|0644, st_size=232, ...}, 0) = 0
newfstatat(AT_FDCWD, "/usr/share/zoneinfo/America/Kralendijk", {st_mode=S_IFREG|0644, st_size=186, ...}, 0) = 0
newfstatat(AT_FDCWD, "/usr/share/zoneinfo/America/Kentucky", {st_mode=S_IFDIR|0755, st_size=4096, ...}, 0) = 0
newfstatat(AT_FDCWD, "/usr/share/zoneinfo/America/Juneau", {st_mode=S_IFREG|0644, st_size=2353, ...}, 0) = 0
newfstatat(AT_FDCWD, "/usr/share/zoneinfo/America/Jamaica", {st_mode=S_IFREG|0644, st_size=482, ...}, 0) = 0
newfstatat(AT_FDCWD, "/usr/share/zoneinfo/America/Iqaluit", {st_mode=S_IFREG|0644, st_size=2202, ...}, 0) = 0
newfstatat(AT_FDCWD, "/usr/share/zoneinfo/America/Inuvik", {st_mode=S_IFREG|0644, st_size=2074, ...}, 0) = 0
newfstatat(AT_FDCWD, "/usr/share/zoneinfo/America/Indiana", {st_mode=S_IFDIR|0755, st_size=4096, ...}, 0) = 0
newfstatat(AT_FDCWD, "/usr/share/zoneinfo/America/Hermosillo", {st_mode=S_IFREG|0644, st_size=388, ...}, 0) = 0
newfstatat(AT_FDCWD, "/usr/share/zoneinfo/America/Havana", {st_mode=S_IFREG|0644, st_size=2416, ...}, 0) = 0
newfstatat(AT_FDCWD, "/usr/share/zoneinfo/America/Halifax", {st_mode=S_IFREG|0644, st_size=3424, ...}, 0) = 0
newfstatat(AT_FDCWD, "/usr/share/zoneinfo/America/Guyana", {st_mode=S_IFREG|0644, st_size=262, ...}, 0) = 0
newfstatat(AT_FDCWD, "/usr/share/zoneinfo/America/Guayaquil", {st_mode=S_IFREG|0644, st_size=246, ...}, 0) = 0
newfstatat(AT_FDCWD, "/usr/share/zoneinfo/America/Guatemala", {st_mode=S_IFREG|0644, st_size=280, ...}, 0) = 0
newfstatat(AT_FDCWD, "/usr/share/zoneinfo/America/Guadeloupe", {st_mode=S_IFREG|0644, st_size=148, ...}, 0) = 0
newfstatat(AT_FDCWD, "/usr/share/zoneinfo/America/Grenada", {st_mode=S_IFREG|0644, st_size=148, ...}, 0) = 0
newfstatat(AT_FDCWD, "/usr/share/zoneinfo/America/Grand_Turk", {st_mode=S_IFREG|0644, st_size=1834, ...}, 0) = 0
newfstatat(AT_FDCWD, "/usr/share/zoneinfo/America/Goose_Bay", {st_mode=S_IFREG|0644, st_size=3210, ...}, 0) = 0
newfstatat(AT_FDCWD, "/usr/share/zoneinfo/America/Glace_Bay", {st_mode=S_IFREG|0644, st_size=2192, ...}, 0) = 0
newfstatat(AT_FDCWD, "/usr/share/zoneinfo/America/Fortaleza", {st_mode=S_IFREG|0644, st_size=716, ...}, 0) = 0
newfstatat(AT_FDCWD, "/usr/share/zoneinfo/America/Fort_Nelson", {st_mode=S_IFREG|0644, st_size=2240, ...}, 0) = 0
newfstatat(AT_FDCWD, "/usr/share/zoneinfo/America/Ensenada", {st_mode=S_IFREG|0644, st_size=2458, ...}, 0) = 0
newfstatat(AT_FDCWD, "/usr/share/zoneinfo/America/El_Salvador", {st_mode=S_IFREG|0644, st_size=224, ...}, 0) = 0
newfstatat(AT_FDCWD, "/usr/share/zoneinfo/America/Eirunepe", {st_mode=S_IFREG|0644, st_size=656, ...}, 0) = 0
newfstatat(AT_FDCWD, "/usr/share/zoneinfo/America/Edmonton", {st_mode=S_IFREG|0644, st_size=2332, ...}, 0) = 0
newfstatat(AT_FDCWD, "/usr/share/zoneinfo/America/Dominica", {st_mode=S_IFREG|0644, st_size=148, ...}, 0) = 0
newfstatat(AT_FDCWD, "/usr/share/zoneinfo/America/Detroit", {st_mode=S_IFREG|0644, st_size=2230, ...}, 0) = 0
newfstatat(AT_FDCWD, "/usr/share/zoneinfo/America/Denver", {st_mode=S_IFREG|0644, st_size=2460, ...}, 0) = 0
newfstatat(AT_FDCWD, "/usr/share/zoneinfo/America/Dawson_Creek", {st_mode=S_IFREG|0644, st_size=1050, ...}, 0) = 0
newfstatat(AT_FDCWD, "/usr/share/zoneinfo/America/Dawson", {st_mode=S_IFREG|0644, st_size=1614, ...}, 0) = 0
newfstatat(AT_FDCWD, "/usr/share/zoneinfo/America/Danmarkshavn", {st_mode=S_IFREG|0644, st_size=698, ...}, 0) = 0
newfstatat(AT_FDCWD, "/usr/share/zoneinfo/America/Curacao", {st_mode=S_IFREG|0644, st_size=186, ...}, 0) = 0
newfstatat(AT_FDCWD, "/usr/share/zoneinfo/America/Cuiaba", {st_mode=S_IFREG|0644, st_size=1416, ...}, 0) = 0
newfstatat(AT_FDCWD, "/usr/share/zoneinfo/America/Creston", {st_mode=S_IFREG|0644, st_size=208, ...}, 0) = 0
newfstatat(AT_FDCWD, "/usr/share/zoneinfo/America/Coyhaique", {st_mode=S_IFREG|0644, st_size=2140, ...}, 0) = 0
newfstatat(AT_FDCWD, "/usr/share/zoneinfo/America/Costa_Rica", {st_mode=S_IFREG|0644, st_size=316, ...}, 0) = 0
newfstatat(AT_FDCWD, "/usr/share/zoneinfo/America/Coral_Harbour", {st_mode=S_IFREG|0644, st_size=336, ...}, 0) = 0
newfstatat(AT_FDCWD, "/usr/share/zoneinfo/America/Ciudad_Juarez", {st_mode=S_IFREG|0644, st_size=1538, ...}, 0) = 0
newfstatat(AT_FDCWD, "/usr/share/zoneinfo/America/Chihuahua", {st_mode=S_IFREG|0644, st_size=1102, ...}, 0) = 0
newfstatat(AT_FDCWD, "/usr/share/zoneinfo/America/Chicago", {st_mode=S_IFREG|0644, st_size=3592, ...}, 0) = 0
newfstatat(AT_FDCWD, "/usr/share/zoneinfo/America/Cayman", {st_mode=S_IFREG|0644, st_size=182, ...}, 0) = 0
newfstatat(AT_FDCWD, "/usr/share/zoneinfo/America/Cayenne", {st_mode=S_IFREG|0644, st_size=198, ...}, 0) = 0
newfstatat(AT_FDCWD, "/usr/share/zoneinfo/America/Caracas", {st_mode=S_IFREG|0644, st_size=264, ...}, 0) = 0
newfstatat(AT_FDCWD, "/usr/share/zoneinfo/America/Cancun", {st_mode=S_IFREG|0644, st_size=864, ...}, 0) = 0
newfstatat(AT_FDCWD, "/usr/share/zoneinfo/America/Campo_Grande", {st_mode=S_IFREG|0644, st_size=1444, ...}, 0) = 0
newfstatat(AT_FDCWD, "/usr/share/zoneinfo/America/Cambridge_Bay", {st_mode=S_IFREG|0644, st_size=2254, ...}, 0) = 0
newfstatat(AT_FDCWD, "/usr/share/zoneinfo/America/Boise", {st_mode=S_IFREG|0644, st_size=2410, ...}, 0) = 0
newfstatat(AT_FDCWD, "/usr/share/zoneinfo/America/Bogota", {st_mode=S_IFREG|0644, st_size=246, ...}, 0) = 0
newfstatat(AT_FDCWD, "/usr/share/zoneinfo/America/Boa_Vista", {st_mode=S_IFREG|0644, st_size=632, ...}, 0) = 0
newfstatat(AT_FDCWD, "/usr/share/zoneinfo/America/Blanc-Sablon", {st_mode=S_IFREG|0644, st_size=298, ...}, 0) = 0
newfstatat(AT_FDCWD, "/usr/share/zoneinfo/America/Belize", {st_mode=S_IFREG|0644, st_size=1614, ...}, 0) = 0
newfstatat(AT_FDCWD, "/usr/share/zoneinfo/America/Belem", {st_mode=S_IFREG|0644, st_size=576, ...}, 0) = 0
newfstatat(AT_FDCWD, "/usr/share/zoneinfo/America/Barbados", {st_mode=S_IFREG|0644, st_size=436, ...}, 0) = 0
newfstatat(AT_FDCWD, "/usr/share/zoneinfo/America/Bahia_Banderas", {st_mode=S_IFREG|0644, st_size=1100, ...}, 0) = 0
newfstatat(AT_FDCWD, "/usr/share/zoneinfo/America/Bahia", {st_mode=S_IFREG|0644, st_size=1024, ...}, 0) = 0
newfstatat(AT_FDCWD, "/usr/share/zoneinfo/America/Atka", {st_mode=S_IFREG|0644, st_size=2356, ...}, 0) = 0
newfstatat(AT_FDCWD, "/usr/share/zoneinfo/America/Atikokan", {st_mode=S_IFREG|0644, st_size=336, ...}, 0) = 0
newfstatat(AT_FDCWD, "/usr/share/zoneinfo/America/Asuncion", {st_mode=S_IFREG|0644, st_size=1658, ...}, 0) = 0
newfstatat(AT_FDCWD, "/usr/share/zoneinfo/America/Aruba", {st_mode=S_IFREG|0644, st_size=186, ...}, 0) = 0
newfstatat(AT_FDCWD, "/usr/share/zoneinfo/America/Argentina", {st_mode=S_IFDIR|0755, st_size=4096, ...}, 0) = 0
newfstatat(AT_FDCWD, "/usr/share/zoneinfo/America/Araguaina", {st_mode=S_IFREG|0644, st_size=884, ...}, 0) = 0
newfstatat(AT_FDCWD, "/usr/share/zoneinfo/America/Antigua", {st_mode=S_IFREG|0644, st_size=182, ...}, 0) = 0
newfstatat(AT_FDCWD, "/usr/share/zoneinfo/America/Anguilla", {st_mode=S_IFREG|0644, st_size=148, ...}, 0) = 0
newfstatat(AT_FDCWD, "/usr/share/zoneinfo/America/Anchorage", {st_mode=S_IFREG|0644, st_size=2371, ...}, 0) = 0
newfstatat(AT_FDCWD, "/usr/share/zoneinfo/America/Adak", {st_mode=S_IFREG|0644, st_size=2356, ...}, 0) = 0
openat(AT_FDCWD, "/usr/share/zoneinfo/America/Argentina", O_RDONLY|O_NONBLOCK|O_CLOEXEC|O_DIRECTORY) = 3
newfstatat(AT_FDCWD, "/usr/share/zoneinfo/America/Argentina/Ushuaia", {st_mode=S_IFREG|0644, st_size=1076, ...}, 0) = 0
newfstatat(AT_FDCWD, "/usr/share/zoneinfo/America/Argentina/Tucuman", {st_mode=S_IFREG|0644, st_size=1104, ...}, 0) = 0
newfstatat(AT_FDCWD, "/usr/share/zoneinfo/America/Argentina/San_Luis", {st_mode=S_IFREG|0644, st_size=1102, ...}, 0) = 0
newfstatat(AT_FDCWD, "/usr/share/zoneinfo/America/Argentina/San_Juan", {st_mode=S_IFREG|0644, st_size=1090, ...}, 0) = 0
newfstatat(AT_FDCWD, "/usr/share/zoneinfo/America/Argentina/Salta", {st_mode=S_IFREG|0644, st_size=1048, ...}, 0) = 0
newfstatat(AT_FDCWD, "/usr/share/zoneinfo/America/Argentina/Rio_Gallegos", {st_mode=S_IFREG|0644, st_size=1076, ...}, 0) = 0
newfstatat(AT_FDCWD, "/usr/share/zoneinfo/America/Argentina/Mendoza", {st_mode=S_IFREG|0644, st_size=1076, ...}, 0) = 0
newfstatat(AT_FDCWD, "/usr/share/zoneinfo/America/Argentina/La_Rioja", {st_mode=S_IFREG|0644, st_size=1090, ...}, 0) = 0
newfstatat(AT_FDCWD, "/usr/share/zoneinfo/America/Argentina/Jujuy", {st_mode=S_IFREG|0644, st_size=1048, ...}, 0) = 0
newfstatat(AT_FDCWD, "/usr/share/zoneinfo/America/Argentina/Cordoba", {st_mode=S_IFREG|0644, st_size=1076, ...}, 0) = 0
newfstatat(AT_FDCWD, "/usr/share/zoneinfo/America/Argentina/Catamarca", {st_mode=S_IFREG|0644, st_size=1076, ...}, 0) = 0
newfstatat(AT_FDCWD, "/usr/share/zoneinfo/America/Argentina/Buenos_Aires", {st_mode=S_IFREG|0644, st_size=1076, ...}, 0) = 0
openat(AT_FDCWD, "/usr/share/zoneinfo/America/Indiana", O_RDONLY|O_NONBLOCK|O_CLOEXEC|O_DIRECTORY) = 3
newfstatat(AT_FDCWD, "/usr/share/zoneinfo/America/Indiana/Winamac", {st_mode=S_IFREG|0644, st_size=1794, ...}, 0) = 0
newfstatat(AT_FDCWD, "/usr/share/zoneinfo/America/Indiana/Vincennes", {st_mode=S_IFREG|0644, st_size=1710, ...}, 0) = 0
newfstatat(AT_FDCWD, "/usr/share/zoneinfo/America/Indiana/Vevay", {st_mode=S_IFREG|0644, st_size=1430, ...}, 0) = 0
newfstatat(AT_FDCWD, "/usr/share/zoneinfo/America/Indiana/Tell_City", {st_mode=S_IFREG|0644, st_size=1700, ...}, 0) = 0
newfstatat(AT_FDCWD, "/usr/share/zoneinfo/America/Indiana/Petersburg", {st_mode=S_IFREG|0644, st_size=1920, ...}, 0) = 0
newfstatat(AT_FDCWD, "/usr/share/zoneinfo/America/Indiana/Marengo", {st_mode=S_IFREG|0644, st_size=1738, ...}, 0) = 0
newfstatat(AT_FDCWD, "/usr/share/zoneinfo/America/Indiana/Knox", {st_mode=S_IFREG|0644, st_size=2444, ...}, 0) = 0
newfstatat(AT_FDCWD, "/usr/share/zoneinfo/America/Indiana/Indianapolis", {st_mode=S_IFREG|0644, st_size=1682, ...}, 0) = 0
openat(AT_FDCWD, "/usr/share/zoneinfo/America/Kentucky", O_RDONLY|O_NONBLOCK|O_CLOEXEC|O_DIRECTORY) = 3
newfstatat(AT_FDCWD, "/usr/share/zoneinfo/America/Kentucky/Monticello", {st_mode=S_IFREG|0644, st_size=2368, ...}, 0) = 0
newfstatat(AT_FDCWD, "/usr/share/zoneinfo/America/Kentucky/Louisville", {st_mode=S_IFREG|0644, st_size=2788, ...}, 0) = 0
openat(AT_FDCWD, "/usr/share/zoneinfo/America/North_Dakota", O_RDONLY|O_NONBLOCK|O_CLOEXEC|O_DIRECTORY) = 3
newfstatat(AT_FDCWD, "/usr/share/zoneinfo/America/North_Dakota/New_Salem", {st_mode=S_IFREG|0644, st_size=2396, ...}, 0) = 0
newfstatat(AT_FDCWD, "/usr/share/zoneinfo/America/North_Dakota/Center", {st_mode=S_IFREG|0644, st_size=2396, ...}, 0) = 0
newfstatat(AT_FDCWD, "/usr/share/zoneinfo/America/North_Dakota/Beulah", {st_mode=S_IFREG|0644, st_size=2396, ...}, 0) = 0
openat(AT_FDCWD, "/usr/share/zoneinfo/Antarctica", O_RDONLY|O_NONBLOCK|O_CLOEXEC|O_DIRECTORY) = 3
newfstatat(AT_FDCWD, "/usr/share/zoneinfo/Antarctica/Vostok", {st_mode=S_IFREG|0644, st_size=227, ...}, 0) = 0
newfstatat(AT_FDCWD, "/usr/share/zoneinfo/Antarctica/Troll", {st_mode=S_IFREG|0644, st_size=1162, ...}, 0) = 0
newfstatat(AT_FDCWD, "/usr/share/zoneinfo/Antarctica/Syowa", {st_mode=S_IFREG|0644, st_size=165, ...}, 0) = 0
newfstatat(AT_FDCWD, "/usr/share/zoneinfo/Antarctica/Rothera", {st_mode=S_IFREG|0644, st_size=164, ...}, 0) = 0
newfstatat(AT_FDCWD, "/usr/share/zoneinfo/Antarctica/Palmer", {st_mode=S_IFREG|0644, st_size=1418, ...}, 0) = 0
newfstatat(AT_FDCWD, "/usr/share/zoneinfo/Antarctica/McMurdo", {st_mode=S_IFREG|0644, st_size=1993, ...}, 0) = 0
newfstatat(AT_FDCWD, "/usr/share/zoneinfo/Antarctica/Mawson", {st_mode=S_IFREG|0644, st_size=199, ...}, 0) = 0
newfstatat(AT_FDCWD, "/usr/share/zoneinfo/Antarctica/Macquarie", {st_mode=S_IFREG|0644, st_size=2260, ...}, 0) = 0
newfstatat(AT_FDCWD, "/usr/share/zoneinfo/Antarctica/DumontDUrville", {st_mode=S_IFREG|0644, st_size=194, ...}, 0) = 0
newfstatat(AT_FDCWD, "/usr/share/zoneinfo/Antarctica/Davis", {st_mode=S_IFREG|0644, st_size=297, ...}, 0) = 0
newfstatat(AT_FDCWD, "/usr/share/zoneinfo/Antarctica/Casey", {st_mode=S_IFREG|0644, st_size=437, ...}, 0) = 0
openat(AT_FDCWD, "/usr/share/zoneinfo/Arctic", O_RDONLY|O_NONBLOCK|O_CLOEXEC|O_DIRECTORY) = 3
newfstatat(AT_FDCWD, "/usr/share/zoneinfo/Arctic/Longyearbyen", {st_mode=S_IFREG|0644, st_size=2228, ...}, 0) = 0
openat(AT_FDCWD, "/usr/share/zoneinfo/Asia", O_RDONLY|O_NONBLOCK|O_CLOEXEC|O_DIRECTORY) = 3
newfstatat(AT_FDCWD, "/usr/share/zoneinfo/Asia/Yerevan", {st_mode=S_IFREG|0644, st_size=1151, ...}, 0) = 0
newfstatat(AT_FDCWD, "/usr/share/zoneinfo/Asia/Yekaterinburg", {st_mode=S_IFREG|0644, st_size=1243, ...}, 0) = 0
newfstatat(AT_FDCWD, "/usr/share/zoneinfo/Asia/Yangon", {st_mode=S_IFREG|0644, st_size=268, ...}, 0) = 0
newfstatat(AT_FDCWD, "/usr/share/zoneinfo/Asia/Yakutsk", {st_mode=S_IFREG|0644, st_size=1207, ...}, 0) = 0
newfstatat(AT_FDCWD, "/usr/share/zoneinfo/Asia/Vladivostok", {st_mode=S_IFREG|0644, st_size=1208, ...}, 0) = 0
newfstatat(AT_FDCWD, "/usr/share/zoneinfo/Asia/Vientiane", {st_mode=S_IFREG|0644, st_size=323, ...}, 0) = 0
newfstatat(AT_FDCWD, "/usr/share/zoneinfo/Asia/Ust-Nera", {st_mode=S_IFREG|0644, st_size=1252, ...}, 0) = 0
newfstatat(AT_FDCWD, "/usr/share/zoneinfo/Asia/Urumqi", {st_mode=S_IFREG|0644, st_size=165, ...}, 0) = 0
newfstatat(AT_FDCWD, "/usr/share/zoneinfo/Asia/Ulaanbaatar", {st_mode=S_IFREG|0644, st_size=891, ...}, 0) = 0
newfstatat(AT_FDCWD, "/usr/share/zoneinfo/Asia/Tomsk", {st_mode=S_IFREG|0644, st_size=1221, ...}, 0) = 0
newfstatat(AT_FDCWD, "/usr/share/zoneinfo/Asia/Tokyo", {st_mode=S_IFREG|0644, st_size=309, ...}, 0) = 0
newfstatat(AT_FDCWD, "/usr/share/zoneinfo/Asia/Thimphu", {st_mode=S_IFREG|0644, st_size=203, ...}, 0) = 0
newfstatat(AT_FDCWD, "/usr/share/zoneinfo/Asia/Tel_Aviv", {st_mode=S_IFREG|0644, st_size=2388, ...}, 0) = 0
newfstatat(AT_FDCWD, "/usr/share/zoneinfo/Asia/Tehran", {st_mode=S_IFREG|0644, st_size=1262, ...}, 0) = 0
newfstatat(AT_FDCWD, "/usr/share/zoneinfo/Asia/Tbilisi", {st_mode=S_IFREG|0644, st_size=1035, ...}, 0) = 0
newfstatat(AT_FDCWD, "/usr/share/zoneinfo/Asia/Tashkent", {st_mode=S_IFREG|0644, st_size=591, ...}, 0) = 0
newfstatat(AT_FDCWD, "/usr/share/zoneinfo/Asia/Taipei", {st_mode=S_IFREG|0644, st_size=761, ...}, 0) = 0
newfstatat(AT_FDCWD, "/usr/share/zoneinfo/Asia/Srednekolymsk", {st_mode=S_IFREG|0644, st_size=1208, ...}, 0) = 0
newfstatat(AT_FDCWD, "/usr/share/zoneinfo/Asia/Singapore", {st_mode=S_IFREG|0644, st_size=415, ...}, 0) = 0
newfstatat(AT_FDCWD, "/usr/share/zoneinfo/Asia/Shanghai", {st_mode=S_IFREG|0644, st_size=561, ...}, 0) = 0
newfstatat(AT_FDCWD, "/usr/share/zoneinfo/Asia/Seoul", {st_mode=S_IFREG|0644, st_size=617, ...}, 0) = 0
newfstatat(AT_FDCWD, "/usr/share/zoneinfo/Asia/Samarkand", {st_mode=S_IFREG|0644, st_size=577, ...}, 0) = 0
newfstatat(AT_FDCWD, "/usr/share/zoneinfo/Asia/Sakhalin", {st_mode=S_IFREG|0644, st_size=1202, ...}, 0) = 0
newfstatat(AT_FDCWD, "/usr/share/zoneinfo/Asia/Riyadh", {st_mode=S_IFREG|0644, st_size=165, ...}, 0) = 0
newfstatat(AT_FDCWD, "/usr/share/zoneinfo/Asia/Qyzylorda", {st_mode=S_IFREG|0644, st_size=1025, ...}, 0) = 0
newfstatat(AT_FDCWD, "/usr/share/zoneinfo/Asia/Qostanay", {st_mode=S_IFREG|0644, st_size=1039, ...}, 0) = 0
newfstatat(AT_FDCWD, "/usr/share/zoneinfo/Asia/Qatar", {st_mode=S_IFREG|0644, st_size=199, ...}, 0) = 0
newfstatat(AT_FDCWD, "/usr/share/zoneinfo/Asia/Pyongyang", {st_mode=S_IFREG|0644, st_size=237, ...}, 0) = 0
newfstatat(AT_FDCWD, "/usr/share/zoneinfo/Asia/Pontianak", {st_mode=S_IFREG|0644, st_size=353, ...}, 0) = 0
newfstatat(AT_FDCWD, "/usr/share/zoneinfo/Asia/Phnom_Penh", {st_mode=S_IFREG|0644, st_size=295, ...}, 0) = 0
newfstatat(AT_FDCWD, "/usr/share/zoneinfo/Asia/Oral", {st_mode=S_IFREG|0644, st_size=1005, ...}, 0) = 0
newfstatat(AT_FDCWD, "/usr/share/zoneinfo/Asia/Omsk", {st_mode=S_IFREG|0644, st_size=1207, ...}, 0) = 0
newfstatat(AT_FDCWD, "/usr/share/zoneinfo/Asia/Novosibirsk", {st_mode=S_IFREG|0644, st_size=1221, ...}, 0) = 0
newfstatat(AT_FDCWD, "/usr/share/zoneinfo/Asia/Novokuznetsk", {st_mode=S_IFREG|0644, st_size=1165, ...}, 0) = 0
newfstatat(AT_FDCWD, "/usr/share/zoneinfo/Asia/Nicosia", {st_mode=S_IFREG|0644, st_size=2002, ...}, 0) = 0
newfstatat(AT_FDCWD, "/usr/share/zoneinfo/Asia/Muscat", {st_mode=S_IFREG|0644, st_size=165, ...}, 0) = 0
newfstatat(AT_FDCWD, "/usr/share/zoneinfo/Asia/Manila", {st_mode=S_IFREG|0644, st_size=422, ...}, 0) = 0
newfstatat(AT_FDCWD, "/usr/share/zoneinfo/Asia/Makassar", {st_mode=S_IFREG|0644, st_size=254, ...}, 0) = 0
newfstatat(AT_FDCWD, "/usr/share/zoneinfo/Asia/Magadan", {st_mode=S_IFREG|0644, st_size=1222, ...}, 0) = 0
newfstatat(AT_FDCWD, "/usr/share/zoneinfo/Asia/Macau", {st_mode=S_IFREG|0644, st_size=1227, ...}, 0) = 0
newfstatat(AT_FDCWD, "/usr/share/zoneinfo/Asia/Kuwait", {st_mode=S_IFREG|0644, st_size=165, ...}, 0) = 0
newfstatat(AT_FDCWD, "/usr/share/zoneinfo/Asia/Kuching", {st_mode=S_IFREG|0644, st_size=483, ...}, 0) = 0
newfstatat(AT_FDCWD, "/usr/share/zoneinfo/Asia/Kuala_Lumpur", {st_mode=S_IFREG|0644, st_size=415, ...}, 0) = 0
newfstatat(AT_FDCWD, "/usr/share/zoneinfo/Asia/Krasnoyarsk", {st_mode=S_IFREG|0644, st_size=1207, ...}, 0) = 0
newfstatat(AT_FDCWD, "/usr/share/zoneinfo/Asia/Kolkata", {st_mode=S_IFREG|0644, st_size=285, ...}, 0) = 0
newfstatat(AT_FDCWD, "/usr/share/zoneinfo/Asia/Khandyga", {st_mode=S_IFREG|0644, st_size=1271, ...}, 0) = 0
newfstatat(AT_FDCWD, "/usr/share/zoneinfo/Asia/Kathmandu", {st_mode=S_IFREG|0644, st_size=212, ...}, 0) = 0
newfstatat(AT_FDCWD, "/usr/share/zoneinfo/Asia/Kashgar", {st_mode=S_IFREG|0644, st_size=165, ...}, 0) = 0
newfstatat(AT_FDCWD, "/usr/share/zoneinfo/Asia/Karachi", {st_mode=S_IFREG|0644, st_size=379, ...}, 0) = 0
newfstatat(AT_FDCWD, "/usr/share/zoneinfo/Asia/Kamchatka", {st_mode=S_IFREG|0644, st_size=1166, ...}, 0) = 0
newfstatat(AT_FDCWD, "/usr/share/zoneinfo/Asia/Kabul", {st_mode=S_IFREG|0644, st_size=208, ...}, 0) = 0
newfstatat(AT_FDCWD, "/usr/share/zoneinfo/Asia/Jerusalem", {st_mode=S_IFREG|0644, st_size=2388, ...}, 0) = 0
newfstatat(AT_FDCWD, "/usr/share/zoneinfo/Asia/Jayapura", {st_mode=S_IFREG|0644, st_size=221, ...}, 0) = 0
newfstatat(AT_FDCWD, "/usr/share/zoneinfo/Asia/Jakarta", {st_mode=S_IFREG|0644, st_size=383, ...}, 0) = 0
newfstatat(AT_FDCWD, "/usr/share/zoneinfo/Asia/Istanbul", {st_mode=S_IFREG|0644, st_size=1947, ...}, 0) = 0
newfstatat(AT_FDCWD, "/usr/share/zoneinfo/Asia/Irkutsk", {st_mode=S_IFREG|0644, st_size=1243, ...}, 0) = 0
newfstatat(AT_FDCWD, "/usr/share/zoneinfo/Asia/Hovd", {st_mode=S_IFREG|0644, st_size=891, ...}, 0) = 0
newfstatat(AT_FDCWD, "/usr/share/zoneinfo/Asia/Hong_Kong", {st_mode=S_IFREG|0644, st_size=1233, ...}, 0) = 0
newfstatat(AT_FDCWD, "/usr/share/zoneinfo/Asia/Ho_Chi_Minh", {st_mode=S_IFREG|0644, st_size=351, ...}, 0) = 0
newfstatat(AT_FDCWD, "/usr/share/zoneinfo/Asia/Hebron", {st_mode=S_IFREG|0644, st_size=3872, ...}, 0) = 0
newfstatat(AT_FDCWD, "/usr/share/zoneinfo/Asia/Harbin", {st_mode=S_IFREG|0644, st_size=561, ...}, 0) = 0
newfstatat(AT_FDCWD, "/usr/share/zoneinfo/Asia/Gaza", {st_mode=S_IFREG|0644, st_size=3844, ...}, 0) = 0
newfstatat(AT_FDCWD, "/usr/share/zoneinfo/Asia/Famagusta", {st_mode=S_IFREG|0644, st_size=2028, ...}, 0) = 0
newfstatat(AT_FDCWD, "/usr/share/zoneinfo/Asia/Dushanbe", {st_mode=S_IFREG|0644, st_size=591, ...}, 0) = 0
newfstatat(AT_FDCWD, "/usr/share/zoneinfo/Asia/Dubai", {st_mode=S_IFREG|0644, st_size=165, ...}, 0) = 0
newfstatat(AT_FDCWD, "/usr/share/zoneinfo/Asia/Dili", {st_mode=S_IFREG|0644, st_size=271, ...}, 0) = 0
newfstatat(AT_FDCWD, "/usr/share/zoneinfo/Asia/Dhaka", {st_mode=S_IFREG|0644, st_size=337, ...}, 0) = 0
newfstatat(AT_FDCWD, "/usr/share/zoneinfo/Asia/Damascus", {st_mode=S_IFREG|0644, st_size=1887, ...}, 0) = 0
newfstatat(AT_FDCWD, "/usr/share/zoneinfo/Asia/Colombo", {st_mode=S_IFREG|0644, st_size=372, ...}, 0) = 0
newfstatat(AT_FDCWD, "/usr/share/zoneinfo/Asia/Chongqing", {st_mode=S_IFREG|0644, st_size=561, ...}, 0) = 0
newfstatat(AT_FDCWD, "/usr/share/zoneinfo/Asia/Choibalsan", {st_mode=S_IFREG|0644, st_size=891, ...}, 0) = 0
newfstatat(AT_FDCWD, "/usr/share/zoneinfo/Asia/Chita", {st_mode=S_IFREG|0644, st_size=1221, ...}, 0) = 0
newfstatat(AT_FDCWD, "/usr/share/zoneinfo/Asia/Brunei", {st_mode=S_IFREG|0644, st_size=203, ...}, 0) = 0
newfstatat(AT_FDCWD, "/usr/share/zoneinfo/Asia/Bishkek", {st_mode=S_IFREG|0644, st_size=983, ...}, 0) = 0
newfstatat(AT_FDCWD, "/usr/share/zoneinfo/Asia/Beirut", {st_mode=S_IFREG|0644, st_size=2154, ...}, 0) = 0
newfstatat(AT_FDCWD, "/usr/share/zoneinfo/Asia/Barnaul", {st_mode=S_IFREG|0644, st_size=1221, ...}, 0) = 0
newfstatat(AT_FDCWD, "/usr/share/zoneinfo/Asia/Bangkok", {st_mode=S_IFREG|0644, st_size=199, ...}, 0) = 0
newfstatat(AT_FDCWD, "/usr/share/zoneinfo/Asia/Baku", {st_mode=S_IFREG|0644, st_size=1227, ...}, 0) = 0
newfstatat(AT_FDCWD, "/usr/share/zoneinfo/Asia/Bahrain", {st_mode=S_IFREG|0644, st_size=237, ...}, 0) = 0
newfstatat(AT_FDCWD, "/usr/share/zoneinfo/Asia/Baghdad", {st_mode=S_IFREG|0644, st_size=983, ...}, 0) = 0
newfstatat(AT_FDCWD, "/usr/share/zoneinfo/Asia/Atyrau", {st_mode=S_IFREG|0644, st_size=991, ...}, 0) = 0
newfstatat(AT_FDCWD, "/usr/share/zoneinfo/Asia/Ashgabat", {st_mode=S_IFREG|0644, st_size=619, ...}, 0) = 0
newfstatat(AT_FDCWD, "/usr/share/zoneinfo/Asia/Aqtobe", {st_mode=S_IFREG|0644, st_size=1011, ...}, 0) = 0
newfstatat(AT_FDCWD, "/usr/share/zoneinfo/Asia/Aqtau", {st_mode=S_IFREG|0644, st_size=983, ...}, 0) = 0
newfstatat(AT_FDCWD, "/usr/share/zoneinfo/Asia/Anadyr", {st_mode=S_IFREG|0644, st_size=1188, ...}, 0) = 0
newfstatat(AT_FDCWD, "/usr/share/zoneinfo/Asia/Amman", {st_mode=S_IFREG|0644, st_size=1447, ...}, 0) = 0
newfstatat(AT_FDCWD, "/usr/share/zoneinfo/Asia/Almaty", {st_mode=S_IFREG|0644, st_size=997, ...}, 0) = 0
newfstatat(AT_FDCWD, "/usr/share/zoneinfo/Asia/Aden", {st_mode=S_IFREG|0644, st_size=165, ...}, 0) = 0
openat(AT_FDCWD, "/usr/share/zoneinfo/Atlantic", O_RDONLY|O_NONBLOCK|O_CLOEXEC|O_DIRECTORY) = 3
newfstatat(AT_FDCWD, "/usr/share/zoneinfo/Atlantic/Stanley", {st_mode=S_IFREG|0644, st_size=1214, ...}, 0) = 0
newfstatat(AT_FDCWD, "/usr/share/zoneinfo/Atlantic/St_Helena", {st_mode=S_IFREG|0644, st_size=182, ...}, 0) = 0
newfstatat(AT_FDCWD, "/usr/share/zoneinfo/Atlantic/South_Georgia", {st_mode=S_IFREG|0644, st_size=164, ...}, 0) = 0
newfstatat(AT_FDCWD, "/usr/share/zoneinfo/Atlantic/Reykjavik", {st_mode=S_IFREG|0644, st_size=1162, ...}, 0) = 0
newfstatat(AT_FDCWD, "/usr/share/zoneinfo/Atlantic/Madeira", {st_mode=S_IFREG|0644, st_size=3377, ...}, 0) = 0
newfstatat(AT_FDCWD, "/usr/share/zoneinfo/Atlantic/Jan_Mayen", {st_mode=S_IFREG|0644, st_size=2228, ...}, 0) = 0
newfstatat(AT_FDCWD, "/usr/share/zoneinfo/Atlantic/Faroe", {st_mode=S_IFREG|0644, st_size=1815, ...}, 0) = 0
newfstatat(AT_FDCWD, "/usr/share/zoneinfo/Atlantic/Cape_Verde", {st_mode=S_IFREG|0644, st_size=270, ...}, 0) = 0
newfstatat(AT_FDCWD, "/usr/share/zoneinfo/Atlantic/Canary", {st_mode=S_IFREG|0644, st_size=1897, ...}, 0) = 0
newfstatat(AT_FDCWD, "/usr/share/zoneinfo/Atlantic/Bermuda", {st_mode=S_IFREG|0644, st_size=2396, ...}, 0) = 0
newfstatat(AT_FDCWD, "/usr/share/zoneinfo/Atlantic/Azores", {st_mode=S_IFREG|0644, st_size=3456, ...}, 0) = 0
openat(AT_FDCWD, "/usr/share/zoneinfo/Australia", O_RDONLY|O_NONBLOCK|O_CLOEXEC|O_DIRECTORY) = 3
newfstatat(AT_FDCWD, "/usr/share/zoneinfo/Australia/Yancowinna", {st_mode=S_IFREG|0644, st_size=2229, ...}, 0) = 0
newfstatat(AT_FDCWD, "/usr/share/zoneinfo/Australia/Sydney", {st_mode=S_IFREG|0644, st_size=2190, ...}, 0) = 0
newfstatat(AT_FDCWD, "/usr/share/zoneinfo/Australia/Perth", {st_mode=S_IFREG|0644, st_size=446, ...}, 0) = 0
newfstatat(AT_FDCWD, "/usr/share/zoneinfo/Australia/Melbourne", {st_mode=S_IFREG|0644, st_size=2190, ...}, 0) = 0
newfstatat(AT_FDCWD, "/usr/share/zoneinfo/Australia/Lord_Howe", {st_mode=S_IFREG|0644, st_size=1860, ...}, 0) = 0
newfstatat(AT_FDCWD, "/usr/share/zoneinfo/Australia/Lindeman", {st_mode=S_IFREG|0644, st_size=475, ...}, 0) = 0
newfstatat(AT_FDCWD, "/usr/share/zoneinfo/Australia/Hobart", {st_mode=S_IFREG|0644, st_size=2358, ...}, 0) = 0
newfstatat(AT_FDCWD, "/usr/share/zoneinfo/Australia/Eucla", {st_mode=S_IFREG|0644, st_size=470, ...}, 0) = 0
newfstatat(AT_FDCWD, "/usr/share/zoneinfo/Australia/Darwin", {st_mode=S_IFREG|0644, st_size=325, ...}, 0) = 0
newfstatat(AT_FDCWD, "/usr/share/zoneinfo/Australia/Currie", {st_mode=S_IFREG|0644, st_size=2358, ...}, 0) = 0
newfstatat(AT_FDCWD, "/usr/share/zoneinfo/Australia/Canberra", {st_mode=S_IFREG|0644, st_size=2190, ...}, 0) = 0
newfstatat(AT_FDCWD, "/usr/share/zoneinfo/Australia/Broken_Hill", {st_mode=S_IFREG|0644, st_size=2229, ...}, 0) = 0
newfstatat(AT_FDCWD, "/usr/share/zoneinfo/Australia/Brisbane", {st_mode=S_IFREG|0644, st_size=419, ...}, 0) = 0
newfstatat(AT_FDCWD, "/usr/share/zoneinfo/Australia/Adelaide", {st_mode=S_IFREG|0644, st_size=2208, ...}, 0) = 0
openat(AT_FDCWD, "/usr/share/zoneinfo/Etc", O_RDONLY|O_NONBLOCK|O_CLOEXEC|O_DIRECTORY) = 3
newfstatat(AT_FDCWD, "/usr/share/zoneinfo/Etc/Zulu", {st_mode=S_IFREG|0644, st_size=114, ...}, 0) = 0
newfstatat(AT_FDCWD, "/usr/share/zoneinfo/Etc/Universal", {st_mode=S_IFREG|0644, st_size=114, ...}, 0) = 0
newfstatat(AT_FDCWD, "/usr/share/zoneinfo/Etc/UTC", {st_mode=S_IFREG|0644, st_size=114, ...}, 0) = 0
newfstatat(AT_FDCWD, "/usr/share/zoneinfo/Etc/UCT", {st_mode=S_IFREG|0644, st_size=114, ...}, 0) = 0
newfstatat(AT_FDCWD, "/usr/share/zoneinfo/Etc/Greenwich", {st_mode=S_IFREG|0644, st_size=114, ...}, 0) = 0
newfstatat(AT_FDCWD, "/usr/share/zoneinfo/Etc/GMT0", {st_mode=S_IFREG|0644, st_size=114, ...}, 0) = 0
newfstatat(AT_FDCWD, "/usr/share/zoneinfo/Etc/GMT-9", {st_mode=S_IFREG|0644, st_size=117, ...}, 0) = 0
newfstatat(AT_FDCWD, "/usr/share/zoneinfo/Etc/GMT-8", {st_mode=S_IFREG|0644, st_size=117, ...}, 0) = 0
newfstatat(AT_FDCWD, "/usr/share/zoneinfo/Etc/GMT-7", {st_mode=S_IFREG|0644, st_size=117, ...}, 0) = 0
newfstatat(AT_FDCWD, "/usr/share/zoneinfo/Etc/GMT-6", {st_mode=S_IFREG|0644, st_size=117, ...}, 0) = 0
newfstatat(AT_FDCWD, "/usr/share/zoneinfo/Etc/GMT-5", {st_mode=S_IFREG|0644, st_size=117, ...}, 0) = 0
newfstatat(AT_FDCWD, "/usr/share/zoneinfo/Etc/GMT-4", {st_mode=S_IFREG|0644, st_size=117, ...}, 0) = 0
newfstatat(AT_FDCWD, "/usr/share/zoneinfo/Etc/GMT-3", {st_mode=S_IFREG|0644, st_size=117, ...}, 0) = 0
newfstatat(AT_FDCWD, "/usr/share/zoneinfo/Etc/GMT-2", {st_mode=S_IFREG|0644, st_size=117, ...}, 0) = 0
newfstatat(AT_FDCWD, "/usr/share/zoneinfo/Etc/GMT-14", {st_mode=S_IFREG|0644, st_size=118, ...}, 0) = 0
newfstatat(AT_FDCWD, "/usr/share/zoneinfo/Etc/GMT-13", {st_mode=S_IFREG|0644, st_size=118, ...}, 0) = 0
newfstatat(AT_FDCWD, "/usr/share/zoneinfo/Etc/GMT-12", {st_mode=S_IFREG|0644, st_size=118, ...}, 0) = 0
newfstatat(AT_FDCWD, "/usr/share/zoneinfo/Etc/GMT-11", {st_mode=S_IFREG|0644, st_size=118, ...}, 0) = 0
newfstatat(AT_FDCWD, "/usr/share/zoneinfo/Etc/GMT-10", {st_mode=S_IFREG|0644, st_size=118, ...}, 0) = 0
newfstatat(AT_FDCWD, "/usr/share/zoneinfo/Etc/GMT-1", {st_mode=S_IFREG|0644, st_size=117, ...}, 0) = 0
newfstatat(AT_FDCWD, "/usr/share/zoneinfo/Etc/GMT-0", {st_mode=S_IFREG|0644, st_size=114, ...}, 0) = 0
newfstatat(AT_FDCWD, "/usr/share/zoneinfo/Etc/GMT+9", {st_mode=S_IFREG|0644, st_size=116, ...}, 0) = 0
newfstatat(AT_FDCWD, "/usr/share/zoneinfo/Etc/GMT+8", {st_mode=S_IFREG|0644, st_size=116, ...}, 0) = 0
newfstatat(AT_FDCWD, "/usr/share/zoneinfo/Etc/GMT+7", {st_mode=S_IFREG|0644, st_size=116, ...}, 0) = 0
newfstatat(AT_FDCWD, "/usr/share/zoneinfo/Etc/GMT+6", {st_mode=S_IFREG|0644, st_size=116, ...}, 0) = 0
newfstatat(AT_FDCWD, "/usr/share/zoneinfo/Etc/GMT+5", {st_mode=S_IFREG|0644, st_size=116, ...}, 0) = 0
newfstatat(AT_FDCWD, "/usr/share/zoneinfo/Etc/GMT+4", {st_mode=S_IFREG|0644, st_size=116, ...}, 0) = 0
newfstatat(AT_FDCWD, "/usr/share/zoneinfo/Etc/GMT+3", {st_mode=S_IFREG|0644, st_size=116, ...}, 0) = 0
newfstatat(AT_FDCWD, "/usr/share/zoneinfo/Etc/GMT+2", {st_mode=S_IFREG|0644, st_size=116, ...}, 0) = 0
newfstatat(AT_FDCWD, "/usr/share/zoneinfo/Etc/GMT+12", {st_mode=S_IFREG|0644, st_size=117, ...}, 0) = 0
newfstatat(AT_FDCWD, "/usr/share/zoneinfo/Etc/GMT+11", {st_mode=S_IFREG|0644, st_size=117, ...}, 0) = 0
newfstatat(AT_FDCWD, "/usr/share/zoneinfo/Etc/GMT+10", {st_mode=S_IFREG|0644, st_size=117, ...}, 0) = 0
newfstatat(AT_FDCWD, "/usr/share/zoneinfo/Etc/GMT+1", {st_mode=S_IFREG|0644, st_size=116, ...}, 0) = 0
newfstatat(AT_FDCWD, "/usr/share/zoneinfo/Etc/GMT+0", {st_mode=S_IFREG|0644, st_size=114, ...}, 0) = 0
newfstatat(AT_FDCWD, "/usr/share/zoneinfo/Etc/GMT", {st_mode=S_IFREG|0644, st_size=114, ...}, 0) = 0
openat(AT_FDCWD, "/usr/share/zoneinfo/Europe", O_RDONLY|O_NONBLOCK|O_CLOEXEC|O_DIRECTORY) = 3
newfstatat(AT_FDCWD, "/usr/share/zoneinfo/Europe/Zurich", {st_mode=S_IFREG|0644, st_size=1909, ...}, 0) = 0
newfstatat(AT_FDCWD, "/usr/share/zoneinfo/Europe/Zagreb", {st_mode=S_IFREG|0644, st_size=1920, ...}, 0) = 0
newfstatat(AT_FDCWD, "/usr/share/zoneinfo/Europe/Warsaw", {st_mode=S_IFREG|0644, st_size=2654, ...}, 0) = 0
newfstatat(AT_FDCWD, "/usr/share/zoneinfo/Europe/Volgograd", {st_mode=S_IFREG|0644, st_size=1193, ...}, 0) = 0
newfstatat(AT_FDCWD, "/usr/share/zoneinfo/Europe/Vilnius", {st_mode=S_IFREG|0644, st_size=2162, ...}, 0) = 0
newfstatat(AT_FDCWD, "/usr/share/zoneinfo/Europe/Vienna", {st_mode=S_IFREG|0644, st_size=2200, ...}, 0) = 0
newfstatat(AT_FDCWD, "/usr/share/zoneinfo/Europe/Vatican", {st_mode=S_IFREG|0644, st_size=2641, ...}, 0) = 0
newfstatat(AT_FDCWD, "/usr/share/zoneinfo/Europe/Vaduz", {st_mode=S_IFREG|0644, st_size=1888, ...}, 0) = 0
newfstatat(AT_FDCWD, "/usr/share/zoneinfo/Europe/Ulyanovsk", {st_mode=S_IFREG|0644, st_size=1267, ...}, 0) = 0
newfstatat(AT_FDCWD, "/usr/share/zoneinfo/Europe/Tiraspol", {st_mode=S_IFREG|0644, st_size=2390, ...}, 0) = 0
newfstatat(AT_FDCWD, "/usr/share/zoneinfo/Europe/Tirane", {st_mode=S_IFREG|0644, st_size=2084, ...}, 0) = 0
newfstatat(AT_FDCWD, "/usr/share/zoneinfo/Europe/Tallinn", {st_mode=S_IFREG|0644, st_size=2148, ...}, 0) = 0
newfstatat(AT_FDCWD, "/usr/share/zoneinfo/Europe/Stockholm", {st_mode=S_IFREG|0644, st_size=1909, ...}, 0) = 0
newfstatat(AT_FDCWD, "/usr/share/zoneinfo/Europe/Sofia", {st_mode=S_IFREG|0644, st_size=2077, ...}, 0) = 0
newfstatat(AT_FDCWD, "/usr/share/zoneinfo/Europe/Skopje", {st_mode=S_IFREG|0644, st_size=1920, ...}, 0) = 0
newfstatat(AT_FDCWD, "/usr/share/zoneinfo/Europe/Simferopol", {st_mode=S_IFREG|0644, st_size=1469, ...}, 0) = 0
newfstatat(AT_FDCWD, "/usr/share/zoneinfo/Europe/Saratov", {st_mode=S_IFREG|0644, st_size=1183, ...}, 0) = 0
newfstatat(AT_FDCWD, "/usr/share/zoneinfo/Europe/Sarajevo", {st_mode=S_IFREG|0644, st_size=1920, ...}, 0) = 0
newfstatat(AT_FDCWD, "/usr/share/zoneinfo/Europe/San_Marino", {st_mode=S_IFREG|0644, st_size=2641, ...}, 0) = 0
newfstatat(AT_FDCWD, "/usr/share/zoneinfo/Europe/Samara", {st_mode=S_IFREG|0644, st_size=1215, ...}, 0) = 0
newfstatat(AT_FDCWD, "/usr/share/zoneinfo/Europe/Rome", {st_mode=S_IFREG|0644, st_size=2641, ...}, 0) = 0
newfstatat(AT_FDCWD, "/usr/share/zoneinfo/Europe/Riga", {st_mode=S_IFREG|0644, st_size=2198, ...}, 0) = 0
newfstatat(AT_FDCWD, "/usr/share/zoneinfo/Europe/Prague", {st_mode=S_IFREG|0644, st_size=2301, ...}, 0) = 0
newfstatat(AT_FDCWD, "/usr/share/zoneinfo/Europe/Podgorica", {st_mode=S_IFREG|0644, st_size=1920, ...}, 0) = 0
newfstatat(AT_FDCWD, "/usr/share/zoneinfo/Europe/Paris", {st_mode=S_IFREG|0644, st_size=2962, ...}, 0) = 0
newfstatat(AT_FDCWD, "/usr/share/zoneinfo/Europe/Oslo", {st_mode=S_IFREG|0644, st_size=2228, ...}, 0) = 0
newfstatat(AT_FDCWD, "/usr/share/zoneinfo/Europe/Nicosia", {st_mode=S_IFREG|0644, st_size=2002, ...}, 0) = 0
newfstatat(AT_FDCWD, "/usr/share/zoneinfo/Europe/Moscow", {st_mode=S_IFREG|0644, st_size=1535, ...}, 0) = 0
newfstatat(AT_FDCWD, "/usr/share/zoneinfo/Europe/Monaco", {st_mode=S_IFREG|0644, st_size=2944, ...}, 0) = 0
newfstatat(AT_FDCWD, "/usr/share/zoneinfo/Europe/Minsk", {st_mode=S_IFREG|0644, st_size=1321, ...}, 0) = 0
newfstatat(AT_FDCWD, "/usr/share/zoneinfo/Europe/Mariehamn", {st_mode=S_IFREG|0644, st_size=1900, ...}, 0) = 0
newfstatat(AT_FDCWD, "/usr/share/zoneinfo/Europe/Malta", {st_mode=S_IFREG|0644, st_size=2620, ...}, 0) = 0
newfstatat(AT_FDCWD, "/usr/share/zoneinfo/Europe/Madrid", {st_mode=S_IFREG|0644, st_size=2614, ...}, 0) = 0
newfstatat(AT_FDCWD, "/usr/share/zoneinfo/Europe/Luxembourg", {st_mode=S_IFREG|0644, st_size=2946, ...}, 0) = 0
newfstatat(AT_FDCWD, "/usr/share/zoneinfo/Europe/London", {st_mode=S_IFREG|0644, st_size=3664, ...}, 0) = 0
newfstatat(AT_FDCWD, "/usr/share/zoneinfo/Europe/Ljubljana", {st_mode=S_IFREG|0644, st_size=1920, ...}, 0) = 0
newfstatat(AT_FDCWD, "/usr/share/zoneinfo/Europe/Lisbon", {st_mode=S_IFREG|0644, st_size=3527, ...}, 0) = 0
newfstatat(AT_FDCWD, "/usr/share/zoneinfo/Europe/Kyiv", {st_mode=S_IFREG|0644, st_size=2120, ...}, 0) = 0
newfstatat(AT_FDCWD, "/usr/share/zoneinfo/Europe/Kirov", {st_mode=S_IFREG|0644, st_size=1185, ...}, 0) = 0
newfstatat(AT_FDCWD, "/usr/share/zoneinfo/Europe/Kaliningrad", {st_mode=S_IFREG|0644, st_size=1493, ...}, 0) = 0
newfstatat(AT_FDCWD, "/usr/share/zoneinfo/Europe/Jersey", {st_mode=S_IFREG|0644, st_size=3732, ...}, 0) = 0
newfstatat(AT_FDCWD, "/usr/share/zoneinfo/Europe/Istanbul", {st_mode=S_IFREG|0644, st_size=1947, ...}, 0) = 0
newfstatat(AT_FDCWD, "/usr/share/zoneinfo/Europe/Isle_of_Man", {st_mode=S_IFREG|0644, st_size=3648, ...}, 0) = 0
newfstatat(AT_FDCWD, "/usr/share/zoneinfo/Europe/Helsinki", {st_mode=S_IFREG|0644, st_size=1900, ...}, 0) = 0
newfstatat(AT_FDCWD, "/usr/share/zoneinfo/Europe/Guernsey", {st_mode=S_IFREG|0644, st_size=3732, ...}, 0) = 0
newfstatat(AT_FDCWD, "/usr/share/zoneinfo/Europe/Gibraltar", {st_mode=S_IFREG|0644, st_size=3068, ...}, 0) = 0
newfstatat(AT_FDCWD, "/usr/share/zoneinfo/Europe/Dublin", {st_mode=S_IFREG|0644, st_size=3490, ...}, 0) = 0
newfstatat(AT_FDCWD, "/usr/share/zoneinfo/Europe/Copenhagen", {st_mode=S_IFREG|0644, st_size=2137, ...}, 0) = 0
newfstatat(AT_FDCWD, "/usr/share/zoneinfo/Europe/Chisinau", {st_mode=S_IFREG|0644, st_size=2390, ...}, 0) = 0
newfstatat(AT_FDCWD, "/usr/share/zoneinfo/Europe/Busingen", {st_mode=S_IFREG|0644, st_size=1909, ...}, 0) = 0
newfstatat(AT_FDCWD, "/usr/share/zoneinfo/Europe/Budapest", {st_mode=S_IFREG|0644, st_size=2368, ...}, 0) = 0
newfstatat(AT_FDCWD, "/usr/share/zoneinfo/Europe/Bucharest", {st_mode=S_IFREG|0644, st_size=2184, ...}, 0) = 0
newfstatat(AT_FDCWD, "/usr/share/zoneinfo/Europe/Brussels", {st_mode=S_IFREG|0644, st_size=2933, ...}, 0) = 0
newfstatat(AT_FDCWD, "/usr/share/zoneinfo/Europe/Bratislava", {st_mode=S_IFREG|0644, st_size=2301, ...}, 0) = 0
newfstatat(AT_FDCWD, "/usr/share/zoneinfo/Europe/Berlin", {st_mode=S_IFREG|0644, st_size=2298, ...}, 0) = 0
newfstatat(AT_FDCWD, "/usr/share/zoneinfo/Europe/Belgrade", {st_mode=S_IFREG|0644, st_size=1920, ...}, 0) = 0
newfstatat(AT_FDCWD, "/usr/share/zoneinfo/Europe/Belfast", {st_mode=S_IFREG|0644, st_size=3664, ...}, 0) = 0
newfstatat(AT_FDCWD, "/usr/share/zoneinfo/Europe/Athens", {st_mode=S_IFREG|0644, st_size=2262, ...}, 0) = 0
newfstatat(AT_FDCWD, "/usr/share/zoneinfo/Europe/Astrakhan", {st_mode=S_IFREG|0644, st_size=1165, ...}, 0) = 0
newfstatat(AT_FDCWD, "/usr/share/zoneinfo/Europe/Andorra", {st_mode=S_IFREG|0644, st_size=1742, ...}, 0) = 0
newfstatat(AT_FDCWD, "/usr/share/zoneinfo/Europe/Amsterdam", {st_mode=S_IFREG|0644, st_size=2910, ...}, 0) = 0
openat(AT_FDCWD, "/usr/share/zoneinfo/Indian", O_RDONLY|O_NONBLOCK|O_CLOEXEC|O_DIRECTORY) = 3
newfstatat(AT_FDCWD, "/usr/share/zoneinfo/Indian/Reunion", {st_mode=S_IFREG|0644, st_size=165, ...}, 0) = 0
newfstatat(AT_FDCWD, "/usr/share/zoneinfo/Indian/Mayotte", {st_mode=S_IFREG|0644, st_size=149, ...}, 0) = 0
newfstatat(AT_FDCWD, "/usr/share/zoneinfo/Indian/Mauritius", {st_mode=S_IFREG|0644, st_size=241, ...}, 0) = 0
newfstatat(AT_FDCWD, "/usr/share/zoneinfo/Indian/Maldives", {st_mode=S_IFREG|0644, st_size=199, ...}, 0) = 0
newfstatat(AT_FDCWD, "/usr/share/zoneinfo/Indian/Mahe", {st_mode=S_IFREG|0644, st_size=165, ...}, 0) = 0
newfstatat(AT_FDCWD, "/usr/share/zoneinfo/Indian/Kerguelen", {st_mode=S_IFREG|0644, st_size=165, ...}, 0) = 0
newfstatat(AT_FDCWD, "/usr/share/zoneinfo/Indian/Comoro", {st_mode=S_IFREG|0644, st_size=149, ...}, 0) = 0
newfstatat(AT_FDCWD, "/usr/share/zoneinfo/Indian/Cocos", {st_mode=S_IFREG|0644, st_size=174, ...}, 0) = 0
newfstatat(AT_FDCWD, "/usr/share/zoneinfo/Indian/Christmas", {st_mode=S_IFREG|0644, st_size=165, ...}, 0) = 0
newfstatat(AT_FDCWD, "/usr/share/zoneinfo/Indian/Chagos", {st_mode=S_IFREG|0644, st_size=199, ...}, 0) = 0
newfstatat(AT_FDCWD, "/usr/share/zoneinfo/Indian/Antananarivo", {st_mode=S_IFREG|0644, st_size=219, ...}, 0) = 0
openat(AT_FDCWD, "/usr/share/zoneinfo/Pacific", O_RDONLY|O_NONBLOCK|O_CLOEXEC|O_DIRECTORY) = 3
newfstatat(AT_FDCWD, "/usr/share/zoneinfo/Pacific/Yap", {st_mode=S_IFREG|0644, st_size=269, ...}, 0) = 0
newfstatat(AT_FDCWD, "/usr/share/zoneinfo/Pacific/Wallis", {st_mode=S_IFREG|0644, st_size=166, ...}, 0) = 0
newfstatat(AT_FDCWD, "/usr/share/zoneinfo/Pacific/Wake", {st_mode=S_IFREG|0644, st_size=166, ...}, 0) = 0
newfstatat(AT_FDCWD, "/usr/share/zoneinfo/Pacific/Tongatapu", {st_mode=S_IFREG|0644, st_size=372, ...}, 0) = 0
newfstatat(AT_FDCWD, "/usr/share/zoneinfo/Pacific/Tarawa", {st_mode=S_IFREG|0644, st_size=166, ...}, 0) = 0
newfstatat(AT_FDCWD, "/usr/share/zoneinfo/Pacific/Tahiti", {st_mode=S_IFREG|0644, st_size=165, ...}, 0) = 0
newfstatat(AT_FDCWD, "/usr/share/zoneinfo/Pacific/Samoa", {st_mode=S_IFREG|0644, st_size=175, ...}, 0) = 0
newfstatat(AT_FDCWD, "/usr/share/zoneinfo/Pacific/Saipan", {st_mode=S_IFREG|0644, st_size=480, ...}, 0) = 0
newfstatat(AT_FDCWD, "/usr/share/zoneinfo/Pacific/Rarotonga", {st_mode=S_IFREG|0644, st_size=603, ...}, 0) = 0
newfstatat(AT_FDCWD, "/usr/share/zoneinfo/Pacific/Port_Moresby", {st_mode=S_IFREG|0644, st_size=186, ...}, 0) = 0
newfstatat(AT_FDCWD, "/usr/share/zoneinfo/Pacific/Pohnpei", {st_mode=S_IFREG|0644, st_size=303, ...}, 0) = 0
newfstatat(AT_FDCWD, "/usr/share/zoneinfo/Pacific/Pitcairn", {st_mode=S_IFREG|0644, st_size=202, ...}, 0) = 0
newfstatat(AT_FDCWD, "/usr/share/zoneinfo/Pacific/Palau", {st_mode=S_IFREG|0644, st_size=180, ...}, 0) = 0
newfstatat(AT_FDCWD, "/usr/share/zoneinfo/Pacific/Pago_Pago", {st_mode=S_IFREG|0644, st_size=175, ...}, 0) = 0
newfstatat(AT_FDCWD, "/usr/share/zoneinfo/Pacific/Noumea", {st_mode=S_IFREG|0644, st_size=304, ...}, 0) = 0
newfstatat(AT_FDCWD, "/usr/share/zoneinfo/Pacific/Norfolk", {st_mode=S_IFREG|0644, st_size=880, ...}, 0) = 0
newfstatat(AT_FDCWD, "/usr/share/zoneinfo/Pacific/Niue", {st_mode=S_IFREG|0644, st_size=203, ...}, 0) = 0
newfstatat(AT_FDCWD, "/usr/share/zoneinfo/Pacific/Nauru", {st_mode=S_IFREG|0644, st_size=252, ...}, 0) = 0
newfstatat(AT_FDCWD, "/usr/share/zoneinfo/Pacific/Midway", {st_mode=S_IFREG|0644, st_size=217, ...}, 0) = 0
newfstatat(AT_FDCWD, "/usr/share/zoneinfo/Pacific/Marquesas", {st_mode=S_IFREG|0644, st_size=173, ...}, 0) = 0
newfstatat(AT_FDCWD, "/usr/share/zoneinfo/Pacific/Majuro", {st_mode=S_IFREG|0644, st_size=310, ...}, 0) = 0
newfstatat(AT_FDCWD, "/usr/share/zoneinfo/Pacific/Kwajalein", {st_mode=S_IFREG|0644, st_size=316, ...}, 0) = 0
newfstatat(AT_FDCWD, "/usr/share/zoneinfo/Pacific/Kosrae", {st_mode=S_IFREG|0644, st_size=351, ...}, 0) = 0
newfstatat(AT_FDCWD, "/usr/share/zoneinfo/Pacific/Kiritimati", {st_mode=S_IFREG|0644, st_size=238, ...}, 0) = 0
newfstatat(AT_FDCWD, "/usr/share/zoneinfo/Pacific/Kanton", {st_mode=S_IFREG|0644, st_size=234, ...}, 0) = 0
newfstatat(AT_FDCWD, "/usr/share/zoneinfo/Pacific/Johnston", {st_mode=S_IFREG|0644, st_size=329, ...}, 0) = 0
newfstatat(AT_FDCWD, "/usr/share/zoneinfo/Pacific/Honolulu", {st_mode=S_IFREG|0644, st_size=329, ...}, 0) = 0
newfstatat(AT_FDCWD, "/usr/share/zoneinfo/Pacific/Guam", {st_mode=S_IFREG|0644, st_size=494, ...}, 0) = 0
newfstatat(AT_FDCWD, "/usr/share/zoneinfo/Pacific/Guadalcanal", {st_mode=S_IFREG|0644, st_size=166, ...}, 0) = 0
newfstatat(AT_FDCWD, "/usr/share/zoneinfo/Pacific/Gambier", {st_mode=S_IFREG|0644, st_size=164, ...}, 0) = 0
newfstatat(AT_FDCWD, "/usr/share/zoneinfo/Pacific/Galapagos", {st_mode=S_IFREG|0644, st_size=238, ...}, 0) = 0
newfstatat(AT_FDCWD, "/usr/share/zoneinfo/Pacific/Funafuti", {st_mode=S_IFREG|0644, st_size=166, ...}, 0) = 0
newfstatat(AT_FDCWD, "/usr/share/zoneinfo/Pacific/Fiji", {st_mode=S_IFREG|0644, st_size=578, ...}, 0) = 0
newfstatat(AT_FDCWD, "/usr/share/zoneinfo/Pacific/Fakaofo", {st_mode=S_IFREG|0644, st_size=200, ...}, 0) = 0
newfstatat(AT_FDCWD, "/usr/share/zoneinfo/Pacific/Efate", {st_mode=S_IFREG|0644, st_size=538, ...}, 0) = 0
newfstatat(AT_FDCWD, "/usr/share/zoneinfo/Pacific/Easter", {st_mode=S_IFREG|0644, st_size=2233, ...}, 0) = 0
newfstatat(AT_FDCWD, "/usr/share/zoneinfo/Pacific/Chuuk", {st_mode=S_IFREG|0644, st_size=269, ...}, 0) = 0
newfstatat(AT_FDCWD, "/usr/share/zoneinfo/Pacific/Chatham", {st_mode=S_IFREG|0644, st_size=2068, ...}, 0) = 0
newfstatat(AT_FDCWD, "/usr/share/zoneinfo/Pacific/Bougainville", {st_mode=S_IFREG|0644, st_size=268, ...}, 0) = 0
newfstatat(AT_FDCWD, "/usr/share/zoneinfo/Pacific/Auckland", {st_mode=S_IFREG|0644, st_size=2437, ...}, 0) = 0
newfstatat(AT_FDCWD, "/usr/share/zoneinfo/Pacific/Apia", {st_mode=S_IFREG|0644, st_size=612, ...}, 0) = 0
openat(AT_FDCWD, "/usr/share/zoneinfo/zone.tab", O_RDONLY) = 3
newfstatat(AT_FDCWD, "/usr/share/zoneinfo/UTC", {st_mode=S_IFREG|0644, st_size=114, ...}, 0) = 0
openat(AT_FDCWD, "/proc/sys/crypto/fips_enabled", O_RDONLY) = -1 ENOENT (No such file or directory)
openat(AT_FDCWD, "/usr/lib/ssl/openssl.cnf", O_RDONLY) = 3
openat(AT_FDCWD, "/proc/self/maps", O_RDONLY) = 3
openat(AT_FDCWD, "info.php", O_RDONLY)  = 3
getcwd("/home/helen-pham/Downloads/webslice/ws_testing/today/wordpress", 4096) = 63
newfstatat(AT_FDCWD, "/home/helen-pham/Downloads/webslice/ws_testing/today/wordpress/info.php", {st_mode=S_IFREG|0755, st_size=199, ...}, AT_SYMLINK_NOFOLLOW) = 0
newfstatat(AT_FDCWD, "/home/helen-pham/Downloads/webslice/ws_testing/today/wordpress", {st_mode=S_IFDIR|0755, st_size=4096, ...}, AT_SYMLINK_NOFOLLOW) = 0
newfstatat(AT_FDCWD, "/home/helen-pham/Downloads/webslice/ws_testing/today", {st_mode=S_IFDIR|0775, st_size=4096, ...}, AT_SYMLINK_NOFOLLOW) = 0
newfstatat(AT_FDCWD, "/home/helen-pham/Downloads/webslice/ws_testing", {st_mode=S_IFDIR|0775, st_size=4096, ...}, AT_SYMLINK_NOFOLLOW) = 0
newfstatat(AT_FDCWD, "/home/helen-pham/Downloads/webslice", {st_mode=S_IFDIR|0775, st_size=4096, ...}, AT_SYMLINK_NOFOLLOW) = 0
newfstatat(AT_FDCWD, "/home/helen-pham/Downloads", {st_mode=S_IFDIR|0755, st_size=12288, ...}, AT_SYMLINK_NOFOLLOW) = 0
newfstatat(AT_FDCWD, "/home/helen-pham", {st_mode=S_IFDIR|0750, st_size=4096, ...}, AT_SYMLINK_NOFOLLOW) = 0
newfstatat(AT_FDCWD, "/home", {st_mode=S_IFDIR|0755, st_size=4096, ...}, AT_SYMLINK_NOFOLLOW) = 0
getcwd("/home/helen-pham/Downloads/webslice/ws_testing/today/wordpress", 4096) = 63
newfstatat(AT_FDCWD, "/home/helen-pham/Downloads/webslice/ws_testing/today/wordpress/info.php", {st_mode=S_IFREG|0755, st_size=199, ...}, 0) = 0
newfstatat(AT_FDCWD, "/home/helen-pham/Downloads/webslice/ws_testing/today/wordpress/info2.php", 0x7ffcfc7fd7c0, 0) = -1 ENOENT (No such file or directory)
openat(AT_FDCWD, "/home/helen-pham/Downloads/webslice/ws_testing/today/wordpress/info.php", O_RDONLY) = 4
newfstatat(AT_FDCWD, "/home/helen-pham/Downloads/webslice/ws_testing/today/wordpress/info2.php", 0x7ffcfc7fa440, AT_SYMLINK_NOFOLLOW) = -1 ENOENT (No such file or directory)
openat(AT_FDCWD, "/home/helen-pham/Downloads/webslice/ws_testing/today/wordpress/info2.php", O_WRONLY|O_CREAT|O_TRUNC, 0666) = 5
bool(true)
+++ exited with 0 +++
